#
# A fatal error has been detected by the Java Runtime Environment:
#
#  EXCEPTION_ACCESS_VIOLATION (0xc0000005) at pc=0x0000000000ba8b80, pid=1960, tid=4776
#
# JRE version: Java(TM) SE Runtime Environment (8.0_25-b18) (build 1.8.0_25-b18)
# Java VM: Java HotSpot(TM) 64-Bit Server VM (25.25-b02 mixed mode windows-amd64 compressed oops)
# Problematic frame:
# C  0x0000000000ba8b80
#
# Failed to write core dump. Minidumps are not enabled by default on client versions of Windows
#
# If you would like to submit a bug report, please visit:
#   http://bugreport.sun.com/bugreport/crash.jsp
# The crash happened outside the Java Virtual Machine in native code.
# See problematic frame for where to report the bug.
#

---------------  T H R E A D  ---------------

Current thread (0x0000000018e37000):  JavaThread "Daemon worker" [_thread_in_native, id=4776, stack(0x000000001b350000,0x000000001b450000)]

siginfo: ExceptionCode=0xc0000005, ExceptionInformation=0x0000000000000008 0x0000000000ba8b80

Registers:
RAX=0x0000000000000000, RBX=0x0000000000ba8b80, RCX=0x0000000000ba8b80, RDX=0x000000001b448028
RSP=0x000000001b4480c0, RBP=0x0000000000000000, RSI=0x000000018002db42, RDI=0x000000001c5b5c90
R8 =0x000000018006eb38, R9 =0x000000001e386110, R10=0x00007ff889f90000, R11=0x000000006d0ecaa0
R12=0x000000001c5b5cd8, R13=0x000000001e386120, R14=0x000000001b448238, R15=0x0000000000000003
RIP=0x0000000000ba8b80, EFLAGS=0x0000000000010202

Top of Stack: (sp=0x000000001b4480c0)
0x000000001b4480c0:   0000000018e371e8 000000006c908d94
0x000000001b4480d0:   0000000018e7b200 0000000000000000
0x000000001b4480e0:   0000000018e7e000 0000000018e7b200
0x000000001b4480f0:   0000000018e371e8 000000006c823cd2
0x000000001b448100:   0000000000ba8b80 0000000018e371e8
0x000000001b448110:   0000000018e7b200 0000000018e7e000
0x000000001b448120:   0000d07600000001 0000000000ba8b80
0x000000001b448130:   0000000018e7e000 0000000000000002
0x000000001b448140:   0000000000000000 0000000000000000
0x000000001b448150:   0000000000000000 0000000000000000
0x000000001b448160:   0000000000000000 0000000000000000
0x000000001b448170:   0000000018e37000 000000001b448240
0x000000001b448180:   0000000014e0cb40 0000000000000000
0x000000001b448190:   0000000000000000 00000000026d5b74
0x000000001b4481a0:   0000000014e0cb48 000000001b448218
0x000000001b4481b0:   0000000000000000 0000000000000000 

Instructions: (pc=0x0000000000ba8b80)
0x0000000000ba8b60:   77 00 6f 00 72 00 6b 00 53 00 65 00 72 00 76 00
0x0000000000ba8b70:   69 00 63 00 65 00 00 00 2d 78 5f 1f 00 02 00 90
0x0000000000ba8b80:   00 00 00 00 17 00 00 00 00 00 00 00 00 00 00 00
0x0000000000ba8b90:   1c 00 00 00 00 00 00 00 70 b5 bc 00 00 00 00 00 


Register to memory mapping:

RAX=0x0000000000000000 is an unknown value
RBX=0x0000000000ba8b80 is an unknown value
RCX=0x0000000000ba8b80 is an unknown value
RDX=0x000000001b448028 is pointing into the stack for thread: 0x0000000018e37000
RSP=0x000000001b4480c0 is pointing into the stack for thread: 0x0000000018e37000
RBP=0x0000000000000000 is an unknown value
RSI=0x000000018002db42 is an unknown value
RDI=0x000000001c5b5c90 is an unknown value
R8 =0x000000018006eb38 is an unknown value
R9 =0x000000001e386110 is an unknown value
R10=0x00007ff889f90000 is an unknown value
R11=0x000000006d0ecaa0 is an unknown value
R12=0x000000001c5b5cd8 is an unknown value
R13=0x000000001e386120 is an unknown value
R14=0x000000001b448238 is pointing into the stack for thread: 0x0000000018e37000
R15=0x0000000000000003 is an unknown value


Stack: [0x000000001b350000,0x000000001b450000],  sp=0x000000001b4480c0,  free space=992k
Native frames: (J=compiled Java code, j=interpreted, Vv=VM code, C=native code)

Java frames: (J=compiled Java code, j=interpreted, Vv=VM code)
j  java.net.Inet6AddressImpl.lookupAllHostAddr(Ljava/lang/String;)[Ljava/net/InetAddress;+0
j  java.net.InetAddress$2.lookupAllHostAddr(Ljava/lang/String;)[Ljava/net/InetAddress;+4
j  java.net.InetAddress.getAddressesFromNameService(Ljava/lang/String;Ljava/net/InetAddress;)[Ljava/net/InetAddress;+51
j  java.net.InetAddress.getLocalHost()Ljava/net/InetAddress;+90
j  javax.crypto.JarVerifier.getSystemEntropy()[B+91
j  javax.crypto.JarVerifier.testSignatures(Ljava/security/cert/X509Certificate;Ljava/security/cert/CertificateFactory;)V+3
j  javax.crypto.JarVerifier.access$400(Ljava/security/cert/X509Certificate;Ljava/security/cert/CertificateFactory;)V+2
j  javax.crypto.JarVerifier$1.run()Ljava/lang/Void;+71
j  javax.crypto.JarVerifier$1.run()Ljava/lang/Object;+1
v  ~StubRoutines::call_stub
J 635  java.security.AccessController.doPrivileged(Ljava/security/PrivilegedExceptionAction;)Ljava/lang/Object; (0 bytes) @ 0x0000000002978152 [0x0000000002978100+0x52]
j  javax.crypto.JarVerifier.<clinit>()V+7
v  ~StubRoutines::call_stub
j  javax.crypto.JceSecurity.loadPolicies(Ljava/io/File;Ljavax/crypto/CryptoPermissions;Ljavax/crypto/CryptoPermissions;)V+146
j  javax.crypto.JceSecurity.setupJurisdictionPolicies()V+130
j  javax.crypto.JceSecurity.access$000()V+0
j  javax.crypto.JceSecurity$1.run()Ljava/lang/Object;+0
v  ~StubRoutines::call_stub
J 635  java.security.AccessController.doPrivileged(Ljava/security/PrivilegedExceptionAction;)Ljava/lang/Object; (0 bytes) @ 0x0000000002978152 [0x0000000002978100+0x52]
j  javax.crypto.JceSecurity.<clinit>()V+49
v  ~StubRoutines::call_stub
j  javax.crypto.JceSecurityManager.<clinit>()V+31
v  ~StubRoutines::call_stub
j  javax.crypto.Cipher.getConfiguredPermission(Ljava/lang/String;)Ljavax/crypto/CryptoPermission;+17
j  javax.crypto.Cipher.getMaxAllowedKeyLength(Ljava/lang/String;)I+1
j  sun.security.ssl.CipherSuite$BulkCipher.isAvailable(Lsun/security/ssl/CipherSuite$BulkCipher;)Z+36
j  sun.security.ssl.CipherSuite$BulkCipher.isAvailable()Z+27
j  sun.security.ssl.CipherSuite.isAvailable()Z+21
j  sun.security.ssl.SSLContextImpl.getApplicableCipherSuiteList(Lsun/security/ssl/ProtocolList;Z)Lsun/security/ssl/CipherSuiteList;+105
j  sun.security.ssl.SSLContextImpl.getDefaultCipherSuiteList(Z)Lsun/security/ssl/CipherSuiteList;+55
j  sun.security.ssl.SSLSocketImpl.init(Lsun/security/ssl/SSLContextImpl;Z)V+83
j  sun.security.ssl.SSLSocketImpl.<init>(Lsun/security/ssl/SSLContextImpl;)V+96
j  sun.security.ssl.SSLSocketFactoryImpl.createSocket()Ljava/net/Socket;+8
j  org.apache.http.conn.ssl.SSLSocketFactory.createSocket(Lorg/apache/http/params/HttpParams;)Ljava/net/Socket;+4
j  org.apache.http.impl.conn.DefaultClientConnectionOperator.openConnection(Lorg/apache/http/conn/OperatedClientConnection;Lorg/apache/http/HttpHost;Ljava/net/InetAddress;Lorg/apache/http/protocol/HttpContext;Lorg/apache/http/params/HttpParams;)V+142
j  org.apache.http.impl.conn.ManagedClientConnectionImpl.open(Lorg/apache/http/conn/routing/HttpRoute;Lorg/apache/http/protocol/HttpContext;Lorg/apache/http/params/HttpParams;)V+133
j  org.apache.http.impl.client.DefaultRequestDirector.tryConnect(Lorg/apache/http/impl/client/RoutedRequest;Lorg/apache/http/protocol/HttpContext;)V+49
j  org.apache.http.impl.client.DefaultRequestDirector.execute(Lorg/apache/http/HttpHost;Lorg/apache/http/HttpRequest;Lorg/apache/http/protocol/HttpContext;)Lorg/apache/http/HttpResponse;+367
j  org.apache.http.impl.client.AbstractHttpClient.execute(Lorg/apache/http/HttpHost;Lorg/apache/http/HttpRequest;Lorg/apache/http/protocol/HttpContext;)Lorg/apache/http/HttpResponse;+344
j  org.apache.http.impl.client.DecompressingHttpClient.execute(Lorg/apache/http/HttpHost;Lorg/apache/http/HttpRequest;Lorg/apache/http/protocol/HttpContext;)Lorg/apache/http/HttpResponse;+65
j  org.apache.http.impl.client.DecompressingHttpClient.execute(Lorg/apache/http/client/methods/HttpUriRequest;Lorg/apache/http/protocol/HttpContext;)Lorg/apache/http/HttpResponse;+8
j  org.gradle.internal.resource.transport.http.HttpClientHelper.performHttpRequest(Lorg/apache/http/client/methods/HttpRequestBase;)Lorg/apache/http/HttpResponse;+37
j  org.gradle.internal.resource.transport.http.HttpClientHelper.executeGetOrHead(Lorg/apache/http/client/methods/HttpRequestBase;)Lorg/apache/http/HttpResponse;+2
j  org.gradle.internal.resource.transport.http.HttpClientHelper.performRequest(Lorg/apache/http/client/methods/HttpRequestBase;)Lorg/apache/http/HttpResponse;+7
j  org.gradle.internal.resource.transport.http.HttpClientHelper.performRawGet(Ljava/lang/String;)Lorg/apache/http/HttpResponse;+9
j  org.gradle.internal.resource.transport.http.HttpClientHelper.performGet(Ljava/lang/String;)Lorg/apache/http/HttpResponse;+6
j  org.gradle.internal.resource.transport.http.HttpResourceAccessor.getResource(Ljava/net/URI;)Lorg/gradle/internal/resource/transport/http/HttpResponseResource;+25
j  org.gradle.internal.resource.transport.http.HttpResourceAccessor.getResource(Ljava/net/URI;)Lorg/gradle/internal/resource/ExternalResource;+2
j  org.gradle.internal.resource.transfer.ProgressLoggingExternalResourceAccessor.getResource(Ljava/net/URI;)Lorg/gradle/internal/resource/ExternalResource;+5
j  org.gradle.internal.resource.transfer.DefaultCacheAwareExternalResourceAccessor.getResource(Ljava/net/URI;Lorg/gradle/internal/resource/transfer/CacheAwareExternalResourceAccessor$ResourceFileStore;Lorg/gradle/internal/resource/local/LocallyAvailableResourceCandidates;)Lorg/gradle/internal/resource/LocallyAvailableExternalResource;+52
j  org.gradle.api.internal.artifacts.repositories.resolver.DefaultExternalResourceArtifactResolver.downloadStaticResource(Ljava/util/List;Lorg/gradle/internal/component/external/model/ModuleComponentArtifactMetaData;Lorg/gradle/internal/resolve/result/ResourceAwareResolveResult;)Lorg/gradle/internal/resource/LocallyAvailableExternalResource;+92
j  org.gradle.api.internal.artifacts.repositories.resolver.DefaultExternalResourceArtifactResolver.resolveMetaDataArtifact(Lorg/gradle/internal/component/external/model/ModuleComponentArtifactMetaData;Lorg/gradle/internal/resolve/result/ResourceAwareResolveResult;)Lorg/gradle/internal/resource/LocallyAvailableExternalResource;+7
j  org.gradle.api.internal.artifacts.repositories.resolver.ExternalResourceResolver.parseMetaDataFromArtifact(Lorg/gradle/api/artifacts/component/ModuleComponentIdentifier;Lorg/gradle/api/internal/artifacts/repositories/resolver/ExternalResourceArtifactResolver;Lorg/gradle/internal/resolve/result/ResourceAwareResolveResult;)Lorg/gradle/internal/component/external/model/MutableModuleComponentResolveMetaData;+11
j  org.gradle.api.internal.artifacts.repositories.resolver.ExternalResourceResolver.resolveStaticDependency(Lorg/gradle/internal/component/model/DependencyMetaData;Lorg/gradle/api/artifacts/component/ModuleComponentIdentifier;Lorg/gradle/internal/resolve/result/BuildableModuleComponentMetaDataResolveResult;Lorg/gradle/api/internal/artifacts/repositories/resolver/ExternalResourceArtifactResolver;)V+5
j  org.gradle.api.internal.artifacts.repositories.resolver.MavenResolver.doResolveComponentMetaData(Lorg/gradle/internal/component/model/DependencyMetaData;Lorg/gradle/api/artifacts/component/ModuleComponentIdentifier;Lorg/gradle/internal/resolve/result/BuildableModuleComponentMetaDataResolveResult;)V+39
j  org.gradle.api.internal.artifacts.repositories.resolver.ExternalResourceResolver$RemoteRepositoryAccess.resolveComponentMetaData(Lorg/gradle/internal/component/model/DependencyMetaData;Lorg/gradle/api/artifacts/component/ModuleComponentIdentifier;Lorg/gradle/internal/resolve/result/BuildableModuleComponentMetaDataResolveResult;)V+7
j  org.gradle.api.internal.artifacts.ivyservice.ivyresolve.CacheLockReleasingModuleComponentsRepository$LockReleasingRepositoryAccess$2.run()V+19
J 5951 C1 org.gradle.internal.Factories$1.create()Ljava/lang/Object; (11 bytes) @ 0x0000000002fc0f2c [0x0000000002fc0ec0+0x6c]
j  org.gradle.cache.internal.DefaultCacheAccess.longRunningOperation(Ljava/lang/String;Lorg/gradle/internal/Factory;)Ljava/lang/Object;+7
j  org.gradle.cache.internal.DefaultCacheAccess.longRunningOperation(Ljava/lang/String;Ljava/lang/Runnable;)V+6
j  org.gradle.cache.internal.DefaultPersistentDirectoryStore.longRunningOperation(Ljava/lang/String;Ljava/lang/Runnable;)V+6
j  org.gradle.cache.internal.DefaultCacheFactory$ReferenceTrackingCache.longRunningOperation(Ljava/lang/String;Ljava/lang/Runnable;)V+9
j  org.gradle.api.internal.artifacts.ivyservice.DefaultCacheLockingManager.longRunningOperation(Ljava/lang/String;Ljava/lang/Runnable;)V+6
j  org.gradle.api.internal.artifacts.ivyservice.ivyresolve.CacheLockReleasingModuleComponentsRepository$LockReleasingRepositoryAccess.resolveComponentMetaData(Lorg/gradle/internal/component/model/DependencyMetaData;Lorg/gradle/api/artifacts/component/ModuleComponentIdentifier;Lorg/gradle/internal/resolve/result/BuildableModuleComponentMetaDataResolveResult;)V+35
j  org.gradle.api.internal.artifacts.ivyservice.ivyresolve.CachingModuleComponentRepository$ResolveAndCacheRepositoryAccess.resolveComponentMetaData(Lorg/gradle/internal/component/model/DependencyMetaData;Lorg/gradle/api/artifacts/component/ModuleComponentIdentifier;Lorg/gradle/internal/resolve/result/BuildableModuleComponentMetaDataResolveResult;)V+24
J 6331 C1 org.gradle.api.internal.artifacts.ivyservice.ivyresolve.memcache.InMemoryCachedModuleComponentRepository$CachedAccess.resolveComponentMetaData(Lorg/gradle/internal/component/model/DependencyMetaData;Lorg/gradle/api/artifacts/component/ModuleComponentIdentifier;Lorg/gradle/internal/resolve/result/BuildableModuleComponentMetaDataResolveResult;)V (29 bytes) @ 0x00000000038f475c [0x00000000038f46a0+0xbc]
J 6288 C1 org.gradle.api.internal.artifacts.ivyservice.ivyresolve.ComponentMetaDataResolveState.process(Lorg/gradle/internal/component/model/DependencyMetaData;Lorg/gradle/api/artifacts/component/ModuleComponentIdentifier;Lorg/gradle/api/internal/artifacts/ivyservice/ivyresolve/ModuleComponentRepositoryAccess;Lorg/gradle/internal/resolve/result/BuildableModuleComponentMetaDataResolveResult;)V (75 bytes) @ 0x00000000038d9a34 [0x00000000038d99a0+0x94]
J 6287 C1 org.gradle.api.internal.artifacts.ivyservice.ivyresolve.ComponentMetaDataResolveState.resolve()Lorg/gradle/internal/resolve/result/BuildableModuleComponentMetaDataResolveResult; (120 bytes) @ 0x00000000038d8c44 [0x00000000038d8ac0+0x184]
J 6365 C1 org.gradle.api.internal.artifacts.ivyservice.ivyresolve.RepositoryChainDependencyResolver.findBestMatch(Ljava/util/LinkedList;Ljava/util/Collection;Ljava/util/Collection;)Lorg/gradle/api/internal/artifacts/ivyservice/ivyresolve/RepositoryChainModuleResolution; (199 bytes) @ 0x00000000038ee74c [0x00000000038ee660+0xec]
J 6364 C1 org.gradle.api.internal.artifacts.ivyservice.ivyresolve.RepositoryChainDependencyResolver.findBestMatch(Ljava/util/List;Ljava/util/Collection;)Lorg/gradle/api/internal/artifacts/ivyservice/ivyresolve/RepositoryChainModuleResolution; (62 bytes) @ 0x000000000392344c [0x00000000039232a0+0x1ac]
J 6363 C1 org.gradle.api.internal.artifacts.ivyservice.ivyresolve.RepositoryChainDependencyResolver.resolve(Lorg/gradle/internal/component/model/DependencyMetaData;Lorg/gradle/internal/resolve/result/BuildableComponentResolveResult;)V (341 bytes) @ 0x00000000038e9b7c [0x00000000038e9640+0x53c]
j  org.gradle.api.internal.artifacts.query.DefaultArtifactResolutionQuery.buildComponentResult(Lorg/gradle/api/artifacts/component/ModuleComponentIdentifier;Lorg/gradle/api/internal/artifacts/ivyservice/ivyresolve/RepositoryChain;Lorg/gradle/internal/resolve/resolver/ArtifactResolver;)Lorg/gradle/api/artifacts/result/ComponentArtifactsResult;+25
j  org.gradle.api.internal.artifacts.query.DefaultArtifactResolutionQuery.access$100(Lorg/gradle/api/internal/artifacts/query/DefaultArtifactResolutionQuery;Lorg/gradle/api/artifacts/component/ModuleComponentIdentifier;Lorg/gradle/api/internal/artifacts/ivyservice/ivyresolve/RepositoryChain;Lorg/gradle/internal/resolve/resolver/ArtifactResolver;)Lorg/gradle/api/artifacts/result/ComponentArtifactsResult;+4
j  org.gradle.api.internal.artifacts.query.DefaultArtifactResolutionQuery$1.create()Lorg/gradle/api/artifacts/result/ArtifactResolutionResult;+100
j  org.gradle.api.internal.artifacts.query.DefaultArtifactResolutionQuery$1.create()Ljava/lang/Object;+1
J 4175 C1 org.gradle.cache.internal.DefaultCacheAccess.useCache(Ljava/lang/String;Lorg/gradle/internal/Factory;)Ljava/lang/Object; (180 bytes) @ 0x0000000003642c9c [0x0000000003642a60+0x23c]
j  org.gradle.cache.internal.DefaultPersistentDirectoryStore.useCache(Ljava/lang/String;Lorg/gradle/internal/Factory;)Ljava/lang/Object;+6
j  org.gradle.cache.internal.DefaultCacheFactory$ReferenceTrackingCache.useCache(Ljava/lang/String;Lorg/gradle/internal/Factory;)Ljava/lang/Object;+9
j  org.gradle.api.internal.artifacts.ivyservice.DefaultCacheLockingManager.useCache(Ljava/lang/String;Lorg/gradle/internal/Factory;)Ljava/lang/Object;+6
j  org.gradle.api.internal.artifacts.query.DefaultArtifactResolutionQuery.execute()Lorg/gradle/api/artifacts/result/ArtifactResolutionResult;+96
j  org.gradle.plugins.ide.internal.IdeDependenciesExtractor.downloadAuxiliaryArtifacts(Lorg/gradle/api/artifacts/dsl/DependencyHandler;Lcom/google/common/collect/Multimap;Ljava/util/List;)V+66
j  org.gradle.plugins.ide.internal.IdeDependenciesExtractor.extractRepoFileDependencies(Lorg/gradle/api/artifacts/dsl/DependencyHandler;Ljava/util/Collection;Ljava/util/Collection;ZZ)Ljava/util/Collection;+109
j  org.gradle.plugins.ide.idea.model.internal.IdeaDependenciesProvider.provideFromScopeRuleMappings(Lorg/gradle/plugins/ide/idea/model/IdeaModule;)Ljava/util/Set;+157
j  org.gradle.plugins.ide.idea.model.internal.IdeaDependenciesProvider.provide(Lorg/gradle/plugins/ide/idea/model/IdeaModule;)Ljava/util/Set;+166
j  sun.reflect.GeneratedMethodAccessor330.invoke(Ljava/lang/Object;[Ljava/lang/Object;)Ljava/lang/Object;+40
J 5542 C2 java.lang.reflect.Method.invoke(Ljava/lang/Object;[Ljava/lang/Object;)Ljava/lang/Object; (62 bytes) @ 0x0000000003a00e10 [0x0000000003a00d80+0x90]
j  org.codehaus.groovy.runtime.callsite.PojoMetaMethodSite$PojoCachedMethodSiteNoUnwrapNoCoerce.invoke(Ljava/lang/Object;[Ljava/lang/Object;)Ljava/lang/Object;+6
J 4696 C1 org.codehaus.groovy.runtime.callsite.PojoMetaMethodSite.call(Ljava/lang/Object;[Ljava/lang/Object;)Ljava/lang/Object; (23 bytes) @ 0x00000000028eeecc [0x00000000028eee20+0xac]
J 4345 C1 org.codehaus.groovy.runtime.callsite.AbstractCallSite.call(Ljava/lang/Object;Ljava/lang/Object;)Ljava/lang/Object; (10 bytes) @ 0x000000000370326c [0x0000000003702f80+0x2ec]
j  org.gradle.plugins.ide.idea.model.IdeaModule.resolveDependencies()Ljava/util/Set;+20
j  org.jetbrains.plugins.gradle.tooling.builder.ModelBuildScriptClasspathBuilderImpl.buildAll(Ljava/lang/String;Lorg/gradle/api/Project;)Ljava/lang/Object;+539
j  org.jetbrains.plugins.gradle.tooling.internal.ExtraModelBuilder.buildAll(Ljava/lang/String;Lorg/gradle/api/Project;)Ljava/lang/Object;+51
j  org.gradle.tooling.internal.provider.DefaultBuildController.getModel(Ljava/lang/Object;Lorg/gradle/tooling/internal/protocol/ModelIdentifier;)Lorg/gradle/tooling/internal/protocol/BuildResult;+243
j  org.gradle.tooling.internal.consumer.connection.BuildControllerAdapter.getModel(Lorg/gradle/tooling/model/Model;Ljava/lang/Class;)Ljava/lang/Object;+34
j  org.gradle.tooling.internal.consumer.connection.BuildControllerAdapter.findModel(Lorg/gradle/tooling/model/Model;Ljava/lang/Class;)Ljava/lang/Object;+3
j  org.jetbrains.plugins.gradle.model.ProjectImportAction.addExtraProject(Lorg/gradle/tooling/BuildController;Lorg/jetbrains/plugins/gradle/model/ProjectImportAction$AllModels;Lorg/gradle/tooling/model/idea/IdeaModule;)V+117
j  org.jetbrains.plugins.gradle.model.ProjectImportAction.execute(Lorg/gradle/tooling/BuildController;)Lorg/jetbrains/plugins/gradle/model/ProjectImportAction$AllModels;+109
j  org.jetbrains.plugins.gradle.model.ProjectImportAction.execute(Lorg/gradle/tooling/BuildController;)Ljava/lang/Object;+2
j  org.gradle.tooling.internal.consumer.connection.InternalBuildActionAdapter.execute(Lorg/gradle/tooling/internal/protocol/InternalBuildController;)Ljava/lang/Object;+23
j  org.gradle.tooling.internal.provider.ClientProvidedBuildAction.run(Lorg/gradle/initialization/BuildController;)Lorg/gradle/tooling/internal/provider/BuildActionResult;+93
j  org.gradle.tooling.internal.provider.ClientProvidedBuildAction.run(Lorg/gradle/initialization/BuildController;)Ljava/lang/Object;+2
j  org.gradle.tooling.internal.provider.ConfiguringBuildAction.run(Lorg/gradle/initialization/BuildController;)Ljava/lang/Object;+15
j  org.gradle.launcher.exec.InProcessBuildActionExecuter.execute(Lorg/gradle/initialization/BuildAction;Lorg/gradle/initialization/BuildCancellationToken;Lorg/gradle/launcher/exec/BuildActionParameters;)Ljava/lang/Object;+19
j  org.gradle.launcher.exec.InProcessBuildActionExecuter.execute(Lorg/gradle/initialization/BuildAction;Lorg/gradle/initialization/BuildCancellationToken;Ljava/lang/Object;)Ljava/lang/Object;+7
j  org.gradle.launcher.daemon.server.exec.ExecuteBuild.doBuild(Lorg/gradle/launcher/daemon/server/exec/DaemonCommandExecution;Lorg/gradle/launcher/daemon/protocol/Build;)V+47
j  org.gradle.launcher.daemon.server.exec.BuildCommandOnly.execute(Lorg/gradle/launcher/daemon/server/exec/DaemonCommandExecution;)V+49
j  org.gradle.launcher.daemon.server.exec.DaemonCommandExecution.proceed()Z+28
j  org.gradle.launcher.daemon.server.exec.WatchForDisconnection.execute(Lorg/gradle/launcher/daemon/server/exec/DaemonCommandExecution;)V+19
j  org.gradle.launcher.daemon.server.exec.DaemonCommandExecution.proceed()Z+28
j  org.gradle.launcher.daemon.server.exec.ResetDeprecationLogger.execute(Lorg/gradle/launcher/daemon/server/exec/DaemonCommandExecution;)V+4
j  org.gradle.launcher.daemon.server.exec.DaemonCommandExecution.proceed()Z+28
j  org.gradle.launcher.daemon.server.exec.StartStopIfBuildAndStop.execute(Lorg/gradle/launcher/daemon/server/exec/DaemonCommandExecution;)V+34
j  org.gradle.launcher.daemon.server.exec.DaemonCommandExecution.proceed()Z+28
j  org.gradle.launcher.daemon.server.exec.ForwardClientInput$2.call()Ljava/lang/Void;+4
j  org.gradle.launcher.daemon.server.exec.ForwardClientInput$2.call()Ljava/lang/Object;+1
j  org.gradle.util.Swapper.swap(Ljava/lang/Object;Ljava/util/concurrent/Callable;)Ljava/lang/Object;+21
j  org.gradle.launcher.daemon.server.exec.ForwardClientInput.execute(Lorg/gradle/launcher/daemon/server/exec/DaemonCommandExecution;)V+63
j  org.gradle.launcher.daemon.server.exec.DaemonCommandExecution.proceed()Z+28
j  org.gradle.launcher.daemon.server.exec.LogToClient.doBuild(Lorg/gradle/launcher/daemon/server/exec/DaemonCommandExecution;Lorg/gradle/launcher/daemon/protocol/Build;)V+92
j  org.gradle.launcher.daemon.server.exec.BuildCommandOnly.execute(Lorg/gradle/launcher/daemon/server/exec/DaemonCommandExecution;)V+49
j  org.gradle.launcher.daemon.server.exec.DaemonCommandExecution.proceed()Z+28
j  org.gradle.launcher.daemon.server.exec.EstablishBuildEnvironment.doBuild(Lorg/gradle/launcher/daemon/server/exec/DaemonCommandExecution;Lorg/gradle/launcher/daemon/protocol/Build;)V+237
j  org.gradle.launcher.daemon.server.exec.BuildCommandOnly.execute(Lorg/gradle/launcher/daemon/server/exec/DaemonCommandExecution;)V+49
j  org.gradle.launcher.daemon.server.exec.DaemonCommandExecution.proceed()Z+28
j  org.gradle.launcher.daemon.server.exec.DaemonHygieneAction.execute(Lorg/gradle/launcher/daemon/server/exec/DaemonCommandExecution;)V+1
j  org.gradle.launcher.daemon.server.exec.DaemonCommandExecution.proceed()Z+28
j  org.gradle.launcher.daemon.server.exec.StartBuildOrRespondWithBusy$1.run()V+44
j  org.gradle.launcher.daemon.server.DaemonStateCoordinator$1.run()V+4
j  org.gradle.internal.concurrent.DefaultExecutorFactory$StoppableExecutorImpl$1.run()V+18
j  java.util.concurrent.ThreadPoolExecutor.runWorker(Ljava/util/concurrent/ThreadPoolExecutor$Worker;)V+95
j  java.util.concurrent.ThreadPoolExecutor$Worker.run()V+5
j  java.lang.Thread.run()V+11
v  ~StubRoutines::call_stub

---------------  P R O C E S S  ---------------

Java Threads: ( => current thread )
  0x0000000018f7d000 JavaThread "File lock request listener" [_thread_in_native, id=6840, stack(0x000000001bb50000,0x000000001bc50000)]
  0x0000000018e1d800 JavaThread "Stdin handler" [_thread_blocked, id=4364, stack(0x000000001b450000,0x000000001b550000)]
=>0x0000000018e37000 JavaThread "Daemon worker" [_thread_in_native, id=4776, stack(0x000000001b350000,0x000000001b450000)]
  0x0000000018e33000 JavaThread "Cancel handler" [_thread_blocked, id=468, stack(0x000000001b250000,0x000000001b350000)]
  0x0000000018e03000 JavaThread "Handler for socket connection from /127.0.0.1:52859 to /127.0.0.1:52860" [_thread_in_native, id=4124, stack(0x000000001b150000,0x000000001b250000)]
  0x0000000018dff800 JavaThread "Daemon" [_thread_blocked, id=1860, stack(0x000000001adc0000,0x000000001aec0000)]
  0x0000000018cec800 JavaThread "Incoming local TCP Connector on port 52859" [_thread_in_native, id=5640, stack(0x000000001a610000,0x000000001a710000)]
  0x0000000017278800 JavaThread "Service Thread" daemon [_thread_blocked, id=2712, stack(0x0000000017bb0000,0x0000000017cb0000)]
  0x00000000171f6800 JavaThread "C1 CompilerThread3" daemon [_thread_blocked, id=4664, stack(0x0000000017ab0000,0x0000000017bb0000)]
  0x00000000171f0800 JavaThread "C2 CompilerThread2" daemon [_thread_in_native, id=6432, stack(0x00000000179b0000,0x0000000017ab0000)]
  0x00000000171da800 JavaThread "C2 CompilerThread1" daemon [_thread_in_native, id=6128, stack(0x00000000178b0000,0x00000000179b0000)]
  0x00000000171d8800 JavaThread "C2 CompilerThread0" daemon [_thread_in_native, id=6964, stack(0x00000000177b0000,0x00000000178b0000)]
  0x00000000171d7000 JavaThread "Attach Listener" daemon [_thread_blocked, id=5692, stack(0x00000000176b0000,0x00000000177b0000)]
  0x00000000171d6800 JavaThread "Signal Dispatcher" daemon [_thread_blocked, id=6000, stack(0x00000000175b0000,0x00000000176b0000)]
  0x00000000026ba000 JavaThread "Finalizer" daemon [_thread_blocked, id=4548, stack(0x00000000170b0000,0x00000000171b0000)]
  0x00000000151dc800 JavaThread "Reference Handler" daemon [_thread_blocked, id=2072, stack(0x0000000016fb0000,0x00000000170b0000)]
  0x00000000025ae000 JavaThread "main" [_thread_blocked, id=4048, stack(0x00000000023f0000,0x00000000024f0000)]

Other Threads:
  0x00000000151d8800 VMThread [stack: 0x0000000016eb0000,0x0000000016fb0000] [id=4728]
  0x000000001727d000 WatcherThread [stack: 0x0000000017cb0000,0x0000000017db0000] [id=1716]

VM state:not at safepoint (normal execution)

VM Mutex/Monitor currently owned by a thread: None

Heap:
 PSYoungGen      total 203776K, used 145942K [0x00000000eab00000, 0x00000000fc280000, 0x0000000100000000)
  eden space 175616K, 67% used [0x00000000eab00000,0x00000000f1e07b30,0x00000000f5680000)
  from space 28160K, 99% used [0x00000000f5680000,0x00000000f71fde88,0x00000000f7200000)
  to   space 35328K, 0% used [0x00000000fa000000,0x00000000fa000000,0x00000000fc280000)
 ParOldGen       total 120832K, used 42806K [0x00000000c0000000, 0x00000000c7600000, 0x00000000eab00000)
  object space 120832K, 35% used [0x00000000c0000000,0x00000000c29cd8f8,0x00000000c7600000)
 Metaspace       used 47856K, capacity 52075K, committed 52224K, reserved 1093632K
  class space    used 6623K, capacity 7885K, committed 7936K, reserved 1048576K

Card table byte_map: [0x0000000011a80000,0x0000000011c90000] byte_map_base: 0x0000000011480000

Marking Bits: (ParMarkBitMap*) 0x000000006d15d490
 Begin Bits: [0x00000000125f0000, 0x00000000135f0000)
 End Bits:   [0x00000000135f0000, 0x00000000145f0000)

Polling page: 0x0000000000e40000

CodeCache: size=245760Kb used=20549Kb max_used=20562Kb free=225210Kb
 bounds [0x00000000026c0000, 0x0000000003af0000, 0x00000000116c0000]
 total_blobs=7004 nmethods=6323 adapters=593
 compilation: enabled

Compilation events (10 events):
Event: 10.084 Thread 0x00000000171f6800 6995   !   3       java.io.BufferedReader::read (104 bytes)
Event: 10.085 Thread 0x00000000171f6800 nmethod 6995 0x0000000003ac2310 code [0x0000000003ac24c0, 0x0000000003ac2b58]
Event: 10.086 Thread 0x00000000171f6800 6996       3       sun.security.x509.AlgorithmId::parse (100 bytes)
Event: 10.087 Thread 0x00000000171f6800 nmethod 6996 0x0000000003ae20d0 code [0x0000000003ae2320, 0x0000000003ae31c8]
Event: 10.087 Thread 0x00000000171f6800 6997       3       sun.security.x509.AlgorithmId::<init> (31 bytes)
Event: 10.087 Thread 0x00000000171f6800 nmethod 6997 0x0000000003ac1e50 code [0x0000000003ac1fc0, 0x0000000003ac2228]
Event: 10.087 Thread 0x00000000171f6800 6998       2       java.security.MessageDigest$Delegate::engineUpdate (11 bytes)
Event: 10.087 Thread 0x00000000171f6800 nmethod 6998 0x0000000003ac1a50 code [0x0000000003ac1bc0, 0x0000000003ac1d48]
Event: 10.089 Thread 0x00000000171da800 nmethod 6983 0x0000000003ae9650 code [0x0000000003ae9820, 0x0000000003ae9e70]
Event: 10.089 Thread 0x00000000171da800 6984       4       java.util.zip.ZipEntry::setExtra0 (350 bytes)

GC Heap History (10 events):
Event: 4.861 GC heap before
{Heap before GC invocations=11 (full 1):
 PSYoungGen      total 141312K, used 100194K [0x00000000eab00000, 0x00000000f6200000, 0x0000000100000000)
  eden space 130560K, 68% used [0x00000000eab00000,0x00000000f025ed50,0x00000000f2a80000)
  from space 10752K, 99% used [0x00000000f2a80000,0x00000000f34f9ac8,0x00000000f3500000)
  to   space 13824K, 0% used [0x00000000f5480000,0x00000000f5480000,0x00000000f6200000)
 ParOldGen       total 62976K, used 11289K [0x00000000c0000000, 0x00000000c3d80000, 0x00000000eab00000)
  object space 62976K, 17% used [0x00000000c0000000,0x00000000c0b066e8,0x00000000c3d80000)
 Metaspace       used 34153K, capacity 35370K, committed 35456K, reserved 1079296K
  class space    used 4498K, capacity 4964K, committed 4992K, reserved 1048576K
Event: 4.880 GC heap after
Heap after GC invocations=11 (full 1):
 PSYoungGen      total 168448K, used 13792K [0x00000000eab00000, 0x00000000f7200000, 0x0000000100000000)
  eden space 154624K, 0% used [0x00000000eab00000,0x00000000eab00000,0x00000000f4200000)
  from space 13824K, 99% used [0x00000000f5480000,0x00000000f61f8070,0x00000000f6200000)
  to   space 18944K, 0% used [0x00000000f4200000,0x00000000f4200000,0x00000000f5480000)
 ParOldGen       total 62976K, used 19491K [0x00000000c0000000, 0x00000000c3d80000, 0x00000000eab00000)
  object space 62976K, 30% used [0x00000000c0000000,0x00000000c1308d40,0x00000000c3d80000)
 Metaspace       used 34153K, capacity 35370K, committed 35456K, reserved 1079296K
  class space    used 4498K, capacity 4964K, committed 4992K, reserved 1048576K
}
Event: 4.880 GC heap before
{Heap before GC invocations=12 (full 2):
 PSYoungGen      total 168448K, used 13792K [0x00000000eab00000, 0x00000000f7200000, 0x0000000100000000)
  eden space 154624K, 0% used [0x00000000eab00000,0x00000000eab00000,0x00000000f4200000)
  from space 13824K, 99% used [0x00000000f5480000,0x00000000f61f8070,0x00000000f6200000)
  to   space 18944K, 0% used [0x00000000f4200000,0x00000000f4200000,0x00000000f5480000)
 ParOldGen       total 62976K, used 19491K [0x00000000c0000000, 0x00000000c3d80000, 0x00000000eab00000)
  object space 62976K, 30% used [0x00000000c0000000,0x00000000c1308d40,0x00000000c3d80000)
 Metaspace       used 34153K, capacity 35370K, committed 35456K, reserved 1079296K
  class space    used 4498K, capacity 4964K, committed 4992K, reserved 1048576K
Event: 5.017 GC heap after
Heap after GC invocations=12 (full 2):
 PSYoungGen      total 168448K, used 0K [0x00000000eab00000, 0x00000000f7200000, 0x0000000100000000)
  eden space 154624K, 0% used [0x00000000eab00000,0x00000000eab00000,0x00000000f4200000)
  from space 13824K, 0% used [0x00000000f5480000,0x00000000f5480000,0x00000000f6200000)
  to   space 18944K, 0% used [0x00000000f4200000,0x00000000f4200000,0x00000000f5480000)
 ParOldGen       total 120832K, used 27994K [0x00000000c0000000, 0x00000000c7600000, 0x00000000eab00000)
  object space 120832K, 23% used [0x00000000c0000000,0x00000000c1b56a38,0x00000000c7600000)
 Metaspace       used 34153K, capacity 35370K, committed 35456K, reserved 1079296K
  class space    used 4498K, capacity 4964K, committed 4992K, reserved 1048576K
}
Event: 6.373 GC heap before
{Heap before GC invocations=13 (full 2):
 PSYoungGen      total 168448K, used 154624K [0x00000000eab00000, 0x00000000f7200000, 0x0000000100000000)
  eden space 154624K, 100% used [0x00000000eab00000,0x00000000f4200000,0x00000000f4200000)
  from space 13824K, 0% used [0x00000000f5480000,0x00000000f5480000,0x00000000f6200000)
  to   space 18944K, 0% used [0x00000000f4200000,0x00000000f4200000,0x00000000f5480000)
 ParOldGen       total 120832K, used 27994K [0x00000000c0000000, 0x00000000c7600000, 0x00000000eab00000)
  object space 120832K, 23% used [0x00000000c0000000,0x00000000c1b56a38,0x00000000c7600000)
 Metaspace       used 39882K, capacity 41760K, committed 42112K, reserved 1085440K
  class space    used 5432K, capacity 6146K, committed 6272K, reserved 1048576K
Event: 6.386 GC heap after
Heap after GC invocations=13 (full 2):
 PSYoungGen      total 173568K, used 17111K [0x00000000eab00000, 0x00000000f8700000, 0x0000000100000000)
  eden space 154624K, 0% used [0x00000000eab00000,0x00000000eab00000,0x00000000f4200000)
  from space 18944K, 90% used [0x00000000f4200000,0x00000000f52b5de8,0x00000000f5480000)
  to   space 21504K, 0% used [0x00000000f7200000,0x00000000f7200000,0x00000000f8700000)
 ParOldGen       total 120832K, used 28002K [0x00000000c0000000, 0x00000000c7600000, 0x00000000eab00000)
  object space 120832K, 23% used [0x00000000c0000000,0x00000000c1b58a38,0x00000000c7600000)
 Metaspace       used 39882K, capacity 41760K, committed 42112K, reserved 1085440K
  class space    used 5432K, capacity 6146K, committed 6272K, reserved 1048576K
}
Event: 7.943 GC heap before
{Heap before GC invocations=14 (full 2):
 PSYoungGen      total 173568K, used 171735K [0x00000000eab00000, 0x00000000f8700000, 0x0000000100000000)
  eden space 154624K, 100% used [0x00000000eab00000,0x00000000f4200000,0x00000000f4200000)
  from space 18944K, 90% used [0x00000000f4200000,0x00000000f52b5de8,0x00000000f5480000)
  to   space 21504K, 0% used [0x00000000f7200000,0x00000000f7200000,0x00000000f8700000)
 ParOldGen       total 120832K, used 28002K [0x00000000c0000000, 0x00000000c7600000, 0x00000000eab00000)
  object space 120832K, 23% used [0x00000000c0000000,0x00000000c1b58a38,0x00000000c7600000)
 Metaspace       used 42949K, capacity 46393K, committed 46720K, reserved 1089536K
  class space    used 5860K, capacity 6940K, committed 7040K, reserved 1048576K
Event: 7.994 GC heap after
Heap after GC invocations=14 (full 2):
 PSYoungGen      total 197120K, used 21504K [0x00000000eab00000, 0x00000000f9a80000, 0x0000000100000000)
  eden space 175616K, 0% used [0x00000000eab00000,0x00000000eab00000,0x00000000f5680000)
  from space 21504K, 100% used [0x00000000f7200000,0x00000000f8700000,0x00000000f8700000)
  to   space 28160K, 0% used [0x00000000f5680000,0x00000000f5680000,0x00000000f7200000)
 ParOldGen       total 120832K, used 35986K [0x00000000c0000000, 0x00000000c7600000, 0x00000000eab00000)
  object space 120832K, 29% used [0x00000000c0000000,0x00000000c2324818,0x00000000c7600000)
 Metaspace       used 42949K, capacity 46393K, committed 46720K, reserved 1089536K
  class space    used 5860K, capacity 6940K, committed 7040K, reserved 1048576K
}
Event: 9.269 GC heap before
{Heap before GC invocations=15 (full 2):
 PSYoungGen      total 197120K, used 197120K [0x00000000eab00000, 0x00000000f9a80000, 0x0000000100000000)
  eden space 175616K, 100% used [0x00000000eab00000,0x00000000f5680000,0x00000000f5680000)
  from space 21504K, 100% used [0x00000000f7200000,0x00000000f8700000,0x00000000f8700000)
  to   space 28160K, 0% used [0x00000000f5680000,0x00000000f5680000,0x00000000f7200000)
 ParOldGen       total 120832K, used 35986K [0x00000000c0000000, 0x00000000c7600000, 0x00000000eab00000)
  object space 120832K, 29% used [0x00000000c0000000,0x00000000c2324818,0x00000000c7600000)
 Metaspace       used 46236K, capacity 50305K, committed 50432K, reserved 1091584K
  class space    used 6407K, capacity 7650K, committed 7680K, reserved 1048576K
Event: 9.296 GC heap after
Heap after GC invocations=15 (full 2):
 PSYoungGen      total 203776K, used 28151K [0x00000000eab00000, 0x00000000fc280000, 0x0000000100000000)
  eden space 175616K, 0% used [0x00000000eab00000,0x00000000eab00000,0x00000000f5680000)
  from space 28160K, 99% used [0x00000000f5680000,0x00000000f71fde88,0x00000000f7200000)
  to   space 35328K, 0% used [0x00000000fa000000,0x00000000fa000000,0x00000000fc280000)
 ParOldGen       total 120832K, used 42806K [0x00000000c0000000, 0x00000000c7600000, 0x00000000eab00000)
  object space 120832K, 35% used [0x00000000c0000000,0x00000000c29cd8f8,0x00000000c7600000)
 Metaspace       used 46236K, capacity 50305K, committed 50432K, reserved 1091584K
  class space    used 6407K, capacity 7650K, committed 7680K, reserved 1048576K
}

Deoptimization events (10 events):
Event: 10.006 Thread 0x0000000018e37000 Uncommon trap: reason=class_check action=maybe_recompile pc=0x0000000002b214f4 method=java.io.DataInputStream.readUnsignedShort()I @ 4
Event: 10.007 Thread 0x0000000018e37000 Uncommon trap: reason=class_check action=maybe_recompile pc=0x0000000002b214f4 method=java.io.DataInputStream.readUnsignedShort()I @ 4
Event: 10.007 Thread 0x0000000018e37000 Uncommon trap: reason=class_check action=maybe_recompile pc=0x0000000002b214f4 method=java.io.DataInputStream.readUnsignedShort()I @ 4
Event: 10.035 Thread 0x0000000018e37000 Uncommon trap: reason=unreached action=reinterpret pc=0x0000000003a811f8 method=java.util.regex.Pattern.expr(Ljava/util/regex/Pattern$Node;)Ljava/util/regex/Pattern$Node; @ 38
Event: 10.036 Thread 0x0000000018e37000 Uncommon trap: reason=class_check action=maybe_recompile pc=0x00000000036d5d94 method=java.util.AbstractList$Itr.hasNext()Z @ 8
Event: 10.036 Thread 0x0000000018e37000 Uncommon trap: reason=class_check action=maybe_recompile pc=0x00000000036f4c04 method=java.util.AbstractList$Itr.next()Ljava/lang/Object; @ 14
Event: 10.078 Thread 0x0000000018e37000 Uncommon trap: reason=class_check action=maybe_recompile pc=0x00000000036d5d94 method=java.util.AbstractList$Itr.hasNext()Z @ 8
Event: 10.078 Thread 0x0000000018e37000 Uncommon trap: reason=class_check action=maybe_recompile pc=0x00000000036f4c04 method=java.util.AbstractList$Itr.next()Ljava/lang/Object; @ 14
Event: 10.081 Thread 0x0000000018e37000 Uncommon trap: reason=class_check action=maybe_recompile pc=0x00000000036d5d94 method=java.util.AbstractList$Itr.hasNext()Z @ 8
Event: 10.081 Thread 0x0000000018e37000 Uncommon trap: reason=class_check action=maybe_recompile pc=0x00000000036f4c04 method=java.util.AbstractList$Itr.next()Ljava/lang/Object; @ 14

Internal exceptions (10 events):
Event: 10.072 Thread 0x0000000018e37000 Exception <a 'java/security/PrivilegedActionException'> (0x00000000f1aa8908) thrown at [D:\re\workspace\8-2-build-windows-amd64-cygwin\jdk8u25\1677\hotspot\src\share\vm\prims\jvm.cpp, line 1312]
Event: 10.072 Thread 0x0000000018e37000 Exception <a 'java/security/PrivilegedActionException'> (0x00000000f1ab0528) thrown at [D:\re\workspace\8-2-build-windows-amd64-cygwin\jdk8u25\1677\hotspot\src\share\vm\prims\jvm.cpp, line 1312]
Event: 10.072 Thread 0x0000000018e37000 Exception <a 'java/security/PrivilegedActionException'> (0x00000000f1ab1670) thrown at [D:\re\workspace\8-2-build-windows-amd64-cygwin\jdk8u25\1677\hotspot\src\share\vm\prims\jvm.cpp, line 1312]
Event: 10.073 Thread 0x0000000018e37000 Exception <a 'java/security/PrivilegedActionException'> (0x00000000f1ab7340) thrown at [D:\re\workspace\8-2-build-windows-amd64-cygwin\jdk8u25\1677\hotspot\src\share\vm\prims\jvm.cpp, line 1312]
Event: 10.073 Thread 0x0000000018e37000 Exception <a 'java/security/PrivilegedActionException'> (0x00000000f1ac0878) thrown at [D:\re\workspace\8-2-build-windows-amd64-cygwin\jdk8u25\1677\hotspot\src\share\vm\prims\jvm.cpp, line 1312]
Event: 10.073 Thread 0x0000000018e37000 Exception <a 'java/security/PrivilegedActionException'> (0x00000000f1ac1908) thrown at [D:\re\workspace\8-2-build-windows-amd64-cygwin\jdk8u25\1677\hotspot\src\share\vm\prims\jvm.cpp, line 1312]
Event: 10.073 Thread 0x0000000018e37000 Exception <a 'java/security/PrivilegedActionException'> (0x00000000f1ac67e8) thrown at [D:\re\workspace\8-2-build-windows-amd64-cygwin\jdk8u25\1677\hotspot\src\share\vm\prims\jvm.cpp, line 1312]
Event: 10.074 Thread 0x0000000018e37000 Exception <a 'java/security/PrivilegedActionException'> (0x00000000f1ad0120) thrown at [D:\re\workspace\8-2-build-windows-amd64-cygwin\jdk8u25\1677\hotspot\src\share\vm\prims\jvm.cpp, line 1312]
Event: 10.074 Thread 0x0000000018e37000 Exception <a 'java/security/PrivilegedActionException'> (0x00000000f1ad1280) thrown at [D:\re\workspace\8-2-build-windows-amd64-cygwin\jdk8u25\1677\hotspot\src\share\vm\prims\jvm.cpp, line 1312]
Event: 10.074 Thread 0x0000000018e37000 Exception <a 'java/security/PrivilegedActionException'> (0x00000000f1ad70e0) thrown at [D:\re\workspace\8-2-build-windows-amd64-cygwin\jdk8u25\1677\hotspot\src\share\vm\prims\jvm.cpp, line 1312]

Events (10 events):
Event: 10.085 loading class javax/crypto/JarVerifier
Event: 10.085 loading class javax/crypto/JarVerifier done
Event: 10.085 loading class javax/crypto/JarVerifier$1
Event: 10.085 loading class javax/crypto/JarVerifier$1 done
Event: 10.086 loading class sun/security/validator/Validator
Event: 10.086 loading class sun/security/validator/Validator done
Event: 10.086 loading class sun/security/validator/SimpleValidator
Event: 10.086 loading class sun/security/validator/SimpleValidator done
Event: 10.086 loading class sun/security/validator/EndEntityChecker
Event: 10.087 loading class sun/security/validator/EndEntityChecker done


Dynamic libraries:
0x00007ff66d420000 - 0x00007ff66d454000 	C:\Program Files\Java\jdk1.8.0_25\bin\java.exe
0x00007ff889f90000 - 0x00007ff88a139000 	C:\Windows\SYSTEM32\ntdll.dll
0x00007ff889bc0000 - 0x00007ff889cfa000 	C:\Windows\system32\KERNEL32.DLL
0x00007ff8875c0000 - 0x00007ff8876cf000 	C:\Windows\system32\KERNELBASE.dll
0x00007ff889d00000 - 0x00007ff889da5000 	C:\Windows\system32\ADVAPI32.dll
0x00007ff8890e0000 - 0x00007ff889251000 	C:\Windows\system32\USER32.dll
0x00007ff884eb0000 - 0x00007ff88510a000 	C:\Windows\WinSxS\amd64_microsoft.windows.common-controls_6595b64144ccf1df_6.0.9600.16384_none_62475f7becb72503\COMCTL32.dll
0x00007ff8878c0000 - 0x00007ff887967000 	C:\Windows\system32\msvcrt.dll
0x00007ff889330000 - 0x00007ff889387000 	C:\Windows\SYSTEM32\sechost.dll
0x00007ff889390000 - 0x00007ff8894c6000 	C:\Windows\system32\RPCRT4.dll
0x00007ff8879d0000 - 0x00007ff887b15000 	C:\Windows\system32\GDI32.dll
0x00007ff887990000 - 0x00007ff8879c4000 	C:\Windows\system32\IMM32.DLL
0x00007ff889a80000 - 0x00007ff889bb9000 	C:\Windows\system32\MSCTF.dll
0x000000006c8a0000 - 0x000000006c972000 	C:\Program Files\Java\jdk1.8.0_25\jre\bin\msvcr100.dll
0x000000006c980000 - 0x000000006d1da000 	C:\Program Files\Java\jdk1.8.0_25\jre\bin\server\jvm.dll
0x00007ff884060000 - 0x00007ff884069000 	C:\Windows\SYSTEM32\WSOCK32.dll
0x00007ff87ca90000 - 0x00007ff87caaf000 	C:\Windows\SYSTEM32\WINMM.dll
0x00007ff8899b0000 - 0x00007ff8899b7000 	C:\Windows\system32\PSAPI.DLL
0x00007ff8896b0000 - 0x00007ff889708000 	C:\Windows\system32\WS2_32.dll
0x00007ff87c990000 - 0x00007ff87c9ba000 	C:\Windows\SYSTEM32\WINMMBASE.dll
0x00007ff889710000 - 0x00007ff889719000 	C:\Windows\system32\NSI.dll
0x00007ff8877d0000 - 0x00007ff88781a000 	C:\Windows\SYSTEM32\cfgmgr32.dll
0x00007ff886140000 - 0x00007ff886166000 	C:\Windows\SYSTEM32\DEVOBJ.dll
0x000000006c890000 - 0x000000006c89f000 	C:\Program Files\Java\jdk1.8.0_25\jre\bin\verify.dll
0x000000006c860000 - 0x000000006c888000 	C:\Program Files\Java\jdk1.8.0_25\jre\bin\java.dll
0x000000006c840000 - 0x000000006c856000 	C:\Program Files\Java\jdk1.8.0_25\jre\bin\zip.dll
0x00007ff887cc0000 - 0x00007ff8890ce000 	C:\Windows\system32\SHELL32.dll
0x00007ff889db0000 - 0x00007ff889f87000 	C:\Windows\SYSTEM32\combase.dll
0x00007ff889260000 - 0x00007ff8892b1000 	C:\Windows\system32\SHLWAPI.dll
0x00007ff885380000 - 0x00007ff885421000 	C:\Windows\SYSTEM32\SHCORE.dll
0x00007ff887310000 - 0x00007ff887324000 	C:\Windows\SYSTEM32\profapi.dll
0x00007ff886bd0000 - 0x00007ff886bee000 	C:\Windows\SYSTEM32\CRYPTSP.dll
0x00007ff886810000 - 0x00007ff886845000 	C:\Windows\system32\rsaenh.dll
0x00007ff886e00000 - 0x00007ff886e26000 	C:\Windows\SYSTEM32\bcrypt.dll
0x00007ff886920000 - 0x00007ff88693f000 	C:\Windows\SYSTEM32\USERENV.dll
0x00007ff887120000 - 0x00007ff88717e000 	C:\Windows\system32\bcryptprimitives.dll
0x00007ff887180000 - 0x00007ff88718a000 	C:\Windows\SYSTEM32\CRYPTBASE.dll
0x000000006c820000 - 0x000000006c83a000 	C:\Program Files\Java\jdk1.8.0_25\jre\bin\net.dll
0x0000000180000000 - 0x0000000180078000 	C:\Windows\system32\ASProxy64.dll
0x00007ff886b70000 - 0x00007ff886bc8000 	C:\Windows\SYSTEM32\MSWSOCK.dll
0x00007ff8863e0000 - 0x00007ff886409000 	C:\Windows\SYSTEM32\IPHLPAPI.DLL
0x00007ff889830000 - 0x00007ff8899a5000 	C:\Windows\system32\ole32.dll
0x00007ff8899c0000 - 0x00007ff889a77000 	C:\Windows\system32\OLEAUT32.dll
0x00007ff8863d0000 - 0x00007ff8863da000 	C:\Windows\SYSTEM32\VERSION.dll
0x00007ff8863c0000 - 0x00007ff8863ca000 	C:\Windows\SYSTEM32\WINNSI.DLL
0x00007ff8870f0000 - 0x00007ff88711b000 	C:\Windows\SYSTEM32\SspiCli.dll
0x00007ff8861b0000 - 0x00007ff8861ba000 	C:\Windows\SYSTEM32\kernel.appcore.dll
0x00007ff885fc0000 - 0x00007ff8860e2000 	C:\Windows\system32\uxtheme.dll
0x00007ff889780000 - 0x00007ff889824000 	C:\Windows\SYSTEM32\clbcatq.dll
0x00007ff887260000 - 0x00007ff8872f7000 	C:\Windows\SYSTEM32\sxs.dll
0x00007ff8828b0000 - 0x00007ff8828c4000 	C:\Windows\SYSTEM32\dhcpcsvc6.DLL
0x00007ff882820000 - 0x00007ff882839000 	C:\Windows\SYSTEM32\dhcpcsvc.DLL
0x000000006c800000 - 0x000000006c811000 	C:\Program Files\Java\jdk1.8.0_25\jre\bin\nio.dll
0x00007ff878d20000 - 0x00007ff878d32000 	C:\Users\Administrator\AppData\Local\Temp\native-platform2286875761774073539dir\native-platform.dll
0x000000006c530000 - 0x000000006c554000 	C:\Program Files\Java\jdk1.8.0_25\jre\bin\sunec.dll
0x00007ff877dd0000 - 0x00007ff877de4000 	C:\Windows\system32\napinsp.dll
0x00007ff877df0000 - 0x00007ff877e09000 	C:\Windows\system32\pnrpnsp.dll
0x00007ff884bf0000 - 0x00007ff884c09000 	C:\Windows\system32\NLAapi.dll
0x00007ff886980000 - 0x00007ff886a23000 	C:\Windows\SYSTEM32\DNSAPI.dll
0x00007ff877e10000 - 0x00007ff877e1c000 	C:\Windows\System32\winrnr.dll
0x00007ff877e40000 - 0x00007ff877e53000 	C:\Windows\system32\wshbth.dll
0x00007ff87ab00000 - 0x00007ff87ab09000 	C:\Windows\System32\rasadhlp.dll
0x00007ff882c40000 - 0x00007ff882ca7000 	C:\Windows\System32\fwpuclnt.dll
0x00007ff87b450000 - 0x00007ff87b5d8000 	C:\Windows\SYSTEM32\dbghelp.dll

VM Arguments:
jvm_args: -XX:MaxPermSize=256m -XX:+HeapDumpOnOutOfMemoryError -Xmx1024m -Dfile.encoding=windows-1252 -Duser.country=US -Duser.language=en -Duser.variant 
java_command: org.gradle.launcher.daemon.bootstrap.GradleDaemon 2.2.1 C:\Users\Administrator\.gradle\daemon 10800000 1bd919f0-32d7-4e15-8d94-5a521bd45493 -XX:MaxPermSize=256m -XX:+HeapDumpOnOutOfMemoryError -Xmx1024m -Dfile.encoding=windows-1252 -Duser.country=US -Duser.language=en -Duser.variant
java_class_path (initial): C:\Program Files\Android\Android Studio\gradle\gradle-2.2.1\lib\gradle-launcher-2.2.1.jar
Launcher Type: SUN_STANDARD

Environment Variables:
PATH=C:\ProgramData\Oracle\Java\javapath;C:\Windows\system32;C:\Windows;C:\Windows\System32\Wbem;C:\Windows\System32\WindowsPowerShell\v1.0\;C:\Program Files (x86)\Skype\Phone\;C:\Program Files\nodejs\;D:\Resource\apache-ant-1.9.6-bin\apache-ant-1.9.6\bin;C:\Users\Administrator\AppData\Roaming\npm
USERNAME=Administrator
OS=Windows_NT
PROCESSOR_IDENTIFIER=Intel64 Family 6 Model 60 Stepping 3, GenuineIntel



---------------  S Y S T E M  ---------------

OS: Windows 8.1 , 64 bit Build 9600 

CPU:total 8 (4 cores per cpu, 2 threads per core) family 6 model 60 stepping 3, cmov, cx8, fxsr, mmx, sse, sse2, sse3, ssse3, sse4.1, sse4.2, popcnt, avx, avx2, aes, clmul, erms, rtm, lzcnt, ht, tsc, tscinvbit, bmi1, bmi2

Memory: 4k page, physical 8308264k(3551724k free), swap 10274344k(5040180k free)

vm_info: Java HotSpot(TM) 64-Bit Server VM (25.25-b02) for windows-amd64 JRE (1.8.0_25-b18), built on Oct  7 2014 14:25:37 by "java_re" with MS VC++ 10.0 (VS2010)

time: Thu Aug 06 20:26:41 2015
elapsed time: 10 seconds (0d 0h 0m 10s)

