#
# A fatal error has been detected by the Java Runtime Environment:
#
#  EXCEPTION_ACCESS_VIOLATION (0xc0000005) at pc=0x0000000000d39a10, pid=3880, tid=6968
#
# JRE version: Java(TM) SE Runtime Environment (8.0_25-b18) (build 1.8.0_25-b18)
# Java VM: Java HotSpot(TM) 64-Bit Server VM (25.25-b02 mixed mode windows-amd64 compressed oops)
# Problematic frame:
# C  0x0000000000d39a10
#
# Failed to write core dump. Minidumps are not enabled by default on client versions of Windows
#
# If you would like to submit a bug report, please visit:
#   http://bugreport.sun.com/bugreport/crash.jsp
# The crash happened outside the Java Virtual Machine in native code.
# See problematic frame for where to report the bug.
#

---------------  T H R E A D  ---------------

Current thread (0x0000000018fcb000):  JavaThread "Daemon worker" [_thread_in_native, id=6968, stack(0x000000001b480000,0x000000001b580000)]

siginfo: ExceptionCode=0xc0000005, ExceptionInformation=0x0000000000000008 0x0000000000d39a10

Registers:
RAX=0x0000000000000000, RBX=0x0000000000d39a10, RCX=0x0000000000d39a10, RDX=0x000000001b5783d8
RSP=0x000000001b578470, RBP=0x0000000000000000, RSI=0x000000018002db42, RDI=0x000000001d310000
R8 =0x000000018006eb38, R9 =0x000000001ecb9790, R10=0x00007ff889f90000, R11=0x000000006d0ecaa0
R12=0x000000001d310048, R13=0x000000001ecb97a0, R14=0x000000001b5785e8, R15=0x0000000000000003
RIP=0x0000000000d39a10, EFLAGS=0x0000000000010202

Top of Stack: (sp=0x000000001b578470)
0x000000001b578470:   0000000018fcb1e8 000000006c908d94
0x000000001b578480:   000000001c3217d0 0000000000000000
0x000000001b578490:   000000001c322cd0 000000001c3217d0
0x000000001b5784a0:   0000000018fcb1e8 000000006c823cd2
0x000000001b5784b0:   0000000000d39a10 0000000018fcb1e8
0x000000001b5784c0:   000000001c3217d0 000000001c322cd0
0x000000001b5784d0:   0000d07600000001 0000000000d39a10
0x000000001b5784e0:   000000001c322cd0 0000000000000002
0x000000001b5784f0:   0000000000000000 0000000000000000
0x000000001b578500:   0000000000000000 0000000000000000
0x000000001b578510:   0000000000000000 0000000000000000
0x000000001b578520:   0000000018fcb000 000000001b5785f0
0x000000001b578530:   0000000014f19de8 0000000000000000
0x000000001b578540:   0000000000000000 00000000027e5b74
0x000000001b578550:   0000000014f19df0 000000001b5785c8
0x000000001b578560:   0000000000000000 0000000000000000 

Instructions: (pc=0x0000000000d39a10)
0x0000000000d399f0:   80 0f d0 00 00 00 00 00 00 01 01 00 7f 00 00 00
0x0000000000d39a00:   00 00 00 00 00 00 00 00 51 00 35 41 00 39 00 90
0x0000000000d39a10:   00 00 00 00 17 00 00 00 00 00 00 00 00 00 00 00
0x0000000000d39a20:   1c 00 00 00 00 00 00 00 f0 a3 d6 00 00 00 00 00 


Register to memory mapping:

RAX=0x0000000000000000 is an unknown value
RBX=0x0000000000d39a10 is an unknown value
RCX=0x0000000000d39a10 is an unknown value
RDX=0x000000001b5783d8 is pointing into the stack for thread: 0x0000000018fcb000
RSP=0x000000001b578470 is pointing into the stack for thread: 0x0000000018fcb000
RBP=0x0000000000000000 is an unknown value
RSI=0x000000018002db42 is an unknown value
RDI=0x000000001d310000 is an unknown value
R8 =0x000000018006eb38 is an unknown value
R9 =0x000000001ecb9790 is an unknown value
R10=0x00007ff889f90000 is an unknown value
R11=0x000000006d0ecaa0 is an unknown value
R12=0x000000001d310048 is an unknown value
R13=0x000000001ecb97a0 is an unknown value
R14=0x000000001b5785e8 is pointing into the stack for thread: 0x0000000018fcb000
R15=0x0000000000000003 is an unknown value


Stack: [0x000000001b480000,0x000000001b580000],  sp=0x000000001b578470,  free space=993k
Native frames: (J=compiled Java code, j=interpreted, Vv=VM code, C=native code)

Java frames: (J=compiled Java code, j=interpreted, Vv=VM code)
j  java.net.Inet6AddressImpl.lookupAllHostAddr(Ljava/lang/String;)[Ljava/net/InetAddress;+0
j  java.net.InetAddress$2.lookupAllHostAddr(Ljava/lang/String;)[Ljava/net/InetAddress;+4
j  java.net.InetAddress.getAddressesFromNameService(Ljava/lang/String;Ljava/net/InetAddress;)[Ljava/net/InetAddress;+51
j  java.net.InetAddress.getLocalHost()Ljava/net/InetAddress;+90
j  javax.crypto.JarVerifier.getSystemEntropy()[B+91
j  javax.crypto.JarVerifier.testSignatures(Ljava/security/cert/X509Certificate;Ljava/security/cert/CertificateFactory;)V+3
j  javax.crypto.JarVerifier.access$400(Ljava/security/cert/X509Certificate;Ljava/security/cert/CertificateFactory;)V+2
j  javax.crypto.JarVerifier$1.run()Ljava/lang/Void;+71
j  javax.crypto.JarVerifier$1.run()Ljava/lang/Object;+1
v  ~StubRoutines::call_stub
J 621  java.security.AccessController.doPrivileged(Ljava/security/PrivilegedExceptionAction;)Ljava/lang/Object; (0 bytes) @ 0x0000000002a76212 [0x0000000002a761c0+0x52]
j  javax.crypto.JarVerifier.<clinit>()V+7
v  ~StubRoutines::call_stub
j  javax.crypto.JceSecurity.loadPolicies(Ljava/io/File;Ljavax/crypto/CryptoPermissions;Ljavax/crypto/CryptoPermissions;)V+146
j  javax.crypto.JceSecurity.setupJurisdictionPolicies()V+130
j  javax.crypto.JceSecurity.access$000()V+0
j  javax.crypto.JceSecurity$1.run()Ljava/lang/Object;+0
v  ~StubRoutines::call_stub
J 621  java.security.AccessController.doPrivileged(Ljava/security/PrivilegedExceptionAction;)Ljava/lang/Object; (0 bytes) @ 0x0000000002a76212 [0x0000000002a761c0+0x52]
j  javax.crypto.JceSecurity.<clinit>()V+49
v  ~StubRoutines::call_stub
j  javax.crypto.JceSecurityManager.<clinit>()V+31
v  ~StubRoutines::call_stub
j  javax.crypto.Cipher.getConfiguredPermission(Ljava/lang/String;)Ljavax/crypto/CryptoPermission;+17
j  javax.crypto.Cipher.getMaxAllowedKeyLength(Ljava/lang/String;)I+1
j  sun.security.ssl.CipherSuite$BulkCipher.isAvailable(Lsun/security/ssl/CipherSuite$BulkCipher;)Z+36
j  sun.security.ssl.CipherSuite$BulkCipher.isAvailable()Z+27
j  sun.security.ssl.CipherSuite.isAvailable()Z+21
j  sun.security.ssl.SSLContextImpl.getApplicableCipherSuiteList(Lsun/security/ssl/ProtocolList;Z)Lsun/security/ssl/CipherSuiteList;+105
j  sun.security.ssl.SSLContextImpl.getDefaultCipherSuiteList(Z)Lsun/security/ssl/CipherSuiteList;+55
j  sun.security.ssl.SSLSocketImpl.init(Lsun/security/ssl/SSLContextImpl;Z)V+83
j  sun.security.ssl.SSLSocketImpl.<init>(Lsun/security/ssl/SSLContextImpl;)V+96
j  sun.security.ssl.SSLSocketFactoryImpl.createSocket()Ljava/net/Socket;+8
j  org.apache.http.conn.ssl.SSLSocketFactory.createSocket(Lorg/apache/http/params/HttpParams;)Ljava/net/Socket;+4
j  org.apache.http.impl.conn.DefaultClientConnectionOperator.openConnection(Lorg/apache/http/conn/OperatedClientConnection;Lorg/apache/http/HttpHost;Ljava/net/InetAddress;Lorg/apache/http/protocol/HttpContext;Lorg/apache/http/params/HttpParams;)V+142
j  org.apache.http.impl.conn.ManagedClientConnectionImpl.open(Lorg/apache/http/conn/routing/HttpRoute;Lorg/apache/http/protocol/HttpContext;Lorg/apache/http/params/HttpParams;)V+133
j  org.apache.http.impl.client.DefaultRequestDirector.tryConnect(Lorg/apache/http/impl/client/RoutedRequest;Lorg/apache/http/protocol/HttpContext;)V+49
j  org.apache.http.impl.client.DefaultRequestDirector.execute(Lorg/apache/http/HttpHost;Lorg/apache/http/HttpRequest;Lorg/apache/http/protocol/HttpContext;)Lorg/apache/http/HttpResponse;+367
j  org.apache.http.impl.client.AbstractHttpClient.execute(Lorg/apache/http/HttpHost;Lorg/apache/http/HttpRequest;Lorg/apache/http/protocol/HttpContext;)Lorg/apache/http/HttpResponse;+344
j  org.apache.http.impl.client.DecompressingHttpClient.execute(Lorg/apache/http/HttpHost;Lorg/apache/http/HttpRequest;Lorg/apache/http/protocol/HttpContext;)Lorg/apache/http/HttpResponse;+65
j  org.apache.http.impl.client.DecompressingHttpClient.execute(Lorg/apache/http/client/methods/HttpUriRequest;Lorg/apache/http/protocol/HttpContext;)Lorg/apache/http/HttpResponse;+8
j  org.gradle.internal.resource.transport.http.HttpClientHelper.performHttpRequest(Lorg/apache/http/client/methods/HttpRequestBase;)Lorg/apache/http/HttpResponse;+37
j  org.gradle.internal.resource.transport.http.HttpClientHelper.executeGetOrHead(Lorg/apache/http/client/methods/HttpRequestBase;)Lorg/apache/http/HttpResponse;+2
j  org.gradle.internal.resource.transport.http.HttpClientHelper.performRequest(Lorg/apache/http/client/methods/HttpRequestBase;)Lorg/apache/http/HttpResponse;+7
j  org.gradle.internal.resource.transport.http.HttpClientHelper.performRawGet(Ljava/lang/String;)Lorg/apache/http/HttpResponse;+9
j  org.gradle.internal.resource.transport.http.HttpClientHelper.performGet(Ljava/lang/String;)Lorg/apache/http/HttpResponse;+6
j  org.gradle.internal.resource.transport.http.HttpResourceAccessor.getResource(Ljava/net/URI;)Lorg/gradle/internal/resource/transport/http/HttpResponseResource;+25
j  org.gradle.internal.resource.transport.http.HttpResourceAccessor.getResource(Ljava/net/URI;)Lorg/gradle/internal/resource/ExternalResource;+2
j  org.gradle.internal.resource.transfer.ProgressLoggingExternalResourceAccessor.getResource(Ljava/net/URI;)Lorg/gradle/internal/resource/ExternalResource;+5
j  org.gradle.internal.resource.transfer.DefaultCacheAwareExternalResourceAccessor.getResource(Ljava/net/URI;Lorg/gradle/internal/resource/transfer/CacheAwareExternalResourceAccessor$ResourceFileStore;Lorg/gradle/internal/resource/local/LocallyAvailableResourceCandidates;)Lorg/gradle/internal/resource/LocallyAvailableExternalResource;+52
j  org.gradle.api.internal.artifacts.repositories.resolver.DefaultExternalResourceArtifactResolver.downloadStaticResource(Ljava/util/List;Lorg/gradle/internal/component/external/model/ModuleComponentArtifactMetaData;Lorg/gradle/internal/resolve/result/ResourceAwareResolveResult;)Lorg/gradle/internal/resource/LocallyAvailableExternalResource;+92
j  org.gradle.api.internal.artifacts.repositories.resolver.DefaultExternalResourceArtifactResolver.resolveMetaDataArtifact(Lorg/gradle/internal/component/external/model/ModuleComponentArtifactMetaData;Lorg/gradle/internal/resolve/result/ResourceAwareResolveResult;)Lorg/gradle/internal/resource/LocallyAvailableExternalResource;+7
j  org.gradle.api.internal.artifacts.repositories.resolver.ExternalResourceResolver.parseMetaDataFromArtifact(Lorg/gradle/api/artifacts/component/ModuleComponentIdentifier;Lorg/gradle/api/internal/artifacts/repositories/resolver/ExternalResourceArtifactResolver;Lorg/gradle/internal/resolve/result/ResourceAwareResolveResult;)Lorg/gradle/internal/component/external/model/MutableModuleComponentResolveMetaData;+11
j  org.gradle.api.internal.artifacts.repositories.resolver.ExternalResourceResolver.resolveStaticDependency(Lorg/gradle/internal/component/model/DependencyMetaData;Lorg/gradle/api/artifacts/component/ModuleComponentIdentifier;Lorg/gradle/internal/resolve/result/BuildableModuleComponentMetaDataResolveResult;Lorg/gradle/api/internal/artifacts/repositories/resolver/ExternalResourceArtifactResolver;)V+5
j  org.gradle.api.internal.artifacts.repositories.resolver.MavenResolver.doResolveComponentMetaData(Lorg/gradle/internal/component/model/DependencyMetaData;Lorg/gradle/api/artifacts/component/ModuleComponentIdentifier;Lorg/gradle/internal/resolve/result/BuildableModuleComponentMetaDataResolveResult;)V+39
j  org.gradle.api.internal.artifacts.repositories.resolver.ExternalResourceResolver$RemoteRepositoryAccess.resolveComponentMetaData(Lorg/gradle/internal/component/model/DependencyMetaData;Lorg/gradle/api/artifacts/component/ModuleComponentIdentifier;Lorg/gradle/internal/resolve/result/BuildableModuleComponentMetaDataResolveResult;)V+7
j  org.gradle.api.internal.artifacts.ivyservice.ivyresolve.CacheLockReleasingModuleComponentsRepository$LockReleasingRepositoryAccess$2.run()V+19
J 6146 C1 org.gradle.internal.Factories$1.create()Ljava/lang/Object; (11 bytes) @ 0x0000000003bc7dc4 [0x0000000003bc7cc0+0x104]
j  org.gradle.cache.internal.DefaultCacheAccess.longRunningOperation(Ljava/lang/String;Lorg/gradle/internal/Factory;)Ljava/lang/Object;+7
j  org.gradle.cache.internal.DefaultCacheAccess.longRunningOperation(Ljava/lang/String;Ljava/lang/Runnable;)V+6
j  org.gradle.cache.internal.DefaultPersistentDirectoryStore.longRunningOperation(Ljava/lang/String;Ljava/lang/Runnable;)V+6
j  org.gradle.cache.internal.DefaultCacheFactory$ReferenceTrackingCache.longRunningOperation(Ljava/lang/String;Ljava/lang/Runnable;)V+9
j  org.gradle.api.internal.artifacts.ivyservice.DefaultCacheLockingManager.longRunningOperation(Ljava/lang/String;Ljava/lang/Runnable;)V+6
j  org.gradle.api.internal.artifacts.ivyservice.ivyresolve.CacheLockReleasingModuleComponentsRepository$LockReleasingRepositoryAccess.resolveComponentMetaData(Lorg/gradle/internal/component/model/DependencyMetaData;Lorg/gradle/api/artifacts/component/ModuleComponentIdentifier;Lorg/gradle/internal/resolve/result/BuildableModuleComponentMetaDataResolveResult;)V+35
j  org.gradle.api.internal.artifacts.ivyservice.ivyresolve.CachingModuleComponentRepository$ResolveAndCacheRepositoryAccess.resolveComponentMetaData(Lorg/gradle/internal/component/model/DependencyMetaData;Lorg/gradle/api/artifacts/component/ModuleComponentIdentifier;Lorg/gradle/internal/resolve/result/BuildableModuleComponentMetaDataResolveResult;)V+24
J 6196 C1 org.gradle.api.internal.artifacts.ivyservice.ivyresolve.memcache.InMemoryCachedModuleComponentRepository$CachedAccess.resolveComponentMetaData(Lorg/gradle/internal/component/model/DependencyMetaData;Lorg/gradle/api/artifacts/component/ModuleComponentIdentifier;Lorg/gradle/internal/resolve/result/BuildableModuleComponentMetaDataResolveResult;)V (29 bytes) @ 0x0000000003be429c [0x0000000003be40a0+0x1fc]
J 6542 C1 org.gradle.api.internal.artifacts.ivyservice.ivyresolve.ComponentMetaDataResolveState.process(Lorg/gradle/internal/component/model/DependencyMetaData;Lorg/gradle/api/artifacts/component/ModuleComponentIdentifier;Lorg/gradle/api/internal/artifacts/ivyservice/ivyresolve/ModuleComponentRepositoryAccess;Lorg/gradle/internal/resolve/result/BuildableModuleComponentMetaDataResolveResult;)V (75 bytes) @ 0x0000000003d2860c [0x0000000003d284e0+0x12c]
J 6541 C1 org.gradle.api.internal.artifacts.ivyservice.ivyresolve.ComponentMetaDataResolveState.resolve()Lorg/gradle/internal/resolve/result/BuildableModuleComponentMetaDataResolveResult; (120 bytes) @ 0x0000000003d2489c [0x0000000003d24340+0x55c]
J 6611 C1 org.gradle.api.internal.artifacts.ivyservice.ivyresolve.RepositoryChainDependencyResolver.findBestMatch(Ljava/util/LinkedList;Ljava/util/Collection;Ljava/util/Collection;)Lorg/gradle/api/internal/artifacts/ivyservice/ivyresolve/RepositoryChainModuleResolution; (199 bytes) @ 0x0000000003d5ef4c [0x0000000003d5eb80+0x3cc]
J 6610 C1 org.gradle.api.internal.artifacts.ivyservice.ivyresolve.RepositoryChainDependencyResolver.findBestMatch(Ljava/util/List;Ljava/util/Collection;)Lorg/gradle/api/internal/artifacts/ivyservice/ivyresolve/RepositoryChainModuleResolution; (62 bytes) @ 0x0000000003d65a54 [0x0000000003d65460+0x5f4]
J 6609 C1 org.gradle.api.internal.artifacts.ivyservice.ivyresolve.RepositoryChainDependencyResolver.resolve(Lorg/gradle/internal/component/model/DependencyMetaData;Lorg/gradle/internal/resolve/result/BuildableComponentResolveResult;)V (341 bytes) @ 0x0000000003d5b4f4 [0x0000000003d5a5e0+0xf14]
j  org.gradle.api.internal.artifacts.query.DefaultArtifactResolutionQuery.buildComponentResult(Lorg/gradle/api/artifacts/component/ModuleComponentIdentifier;Lorg/gradle/api/internal/artifacts/ivyservice/ivyresolve/RepositoryChain;Lorg/gradle/internal/resolve/resolver/ArtifactResolver;)Lorg/gradle/api/artifacts/result/ComponentArtifactsResult;+25
j  org.gradle.api.internal.artifacts.query.DefaultArtifactResolutionQuery.access$100(Lorg/gradle/api/internal/artifacts/query/DefaultArtifactResolutionQuery;Lorg/gradle/api/artifacts/component/ModuleComponentIdentifier;Lorg/gradle/api/internal/artifacts/ivyservice/ivyresolve/RepositoryChain;Lorg/gradle/internal/resolve/resolver/ArtifactResolver;)Lorg/gradle/api/artifacts/result/ComponentArtifactsResult;+4
j  org.gradle.api.internal.artifacts.query.DefaultArtifactResolutionQuery$1.create()Lorg/gradle/api/artifacts/result/ArtifactResolutionResult;+100
j  org.gradle.api.internal.artifacts.query.DefaultArtifactResolutionQuery$1.create()Ljava/lang/Object;+1
J 4221 C1 org.gradle.cache.internal.DefaultCacheAccess.useCache(Ljava/lang/String;Lorg/gradle/internal/Factory;)Ljava/lang/Object; (180 bytes) @ 0x000000000303135c [0x0000000003031120+0x23c]
j  org.gradle.cache.internal.DefaultPersistentDirectoryStore.useCache(Ljava/lang/String;Lorg/gradle/internal/Factory;)Ljava/lang/Object;+6
j  org.gradle.cache.internal.DefaultCacheFactory$ReferenceTrackingCache.useCache(Ljava/lang/String;Lorg/gradle/internal/Factory;)Ljava/lang/Object;+9
j  org.gradle.api.internal.artifacts.ivyservice.DefaultCacheLockingManager.useCache(Ljava/lang/String;Lorg/gradle/internal/Factory;)Ljava/lang/Object;+6
j  org.gradle.api.internal.artifacts.query.DefaultArtifactResolutionQuery.execute()Lorg/gradle/api/artifacts/result/ArtifactResolutionResult;+96
j  org.gradle.plugins.ide.internal.IdeDependenciesExtractor.downloadAuxiliaryArtifacts(Lorg/gradle/api/artifacts/dsl/DependencyHandler;Lcom/google/common/collect/Multimap;Ljava/util/List;)V+66
j  org.gradle.plugins.ide.internal.IdeDependenciesExtractor.extractRepoFileDependencies(Lorg/gradle/api/artifacts/dsl/DependencyHandler;Ljava/util/Collection;Ljava/util/Collection;ZZ)Ljava/util/Collection;+109
j  org.gradle.plugins.ide.idea.model.internal.IdeaDependenciesProvider.provideFromScopeRuleMappings(Lorg/gradle/plugins/ide/idea/model/IdeaModule;)Ljava/util/Set;+157
j  org.gradle.plugins.ide.idea.model.internal.IdeaDependenciesProvider.provide(Lorg/gradle/plugins/ide/idea/model/IdeaModule;)Ljava/util/Set;+166
j  sun.reflect.GeneratedMethodAccessor331.invoke(Ljava/lang/Object;[Ljava/lang/Object;)Ljava/lang/Object;+40
J 5883 C2 java.lang.reflect.Method.invoke(Ljava/lang/Object;[Ljava/lang/Object;)Ljava/lang/Object; (62 bytes) @ 0x00000000032d28cc [0x00000000032d2840+0x8c]
j  org.codehaus.groovy.runtime.callsite.PojoMetaMethodSite$PojoCachedMethodSiteNoUnwrapNoCoerce.invoke(Ljava/lang/Object;[Ljava/lang/Object;)Ljava/lang/Object;+6
J 4720 C1 org.codehaus.groovy.runtime.callsite.PojoMetaMethodSite.call(Ljava/lang/Object;[Ljava/lang/Object;)Ljava/lang/Object; (23 bytes) @ 0x00000000038d1184 [0x00000000038d0f80+0x204]
J 4372 C1 org.codehaus.groovy.runtime.callsite.AbstractCallSite.call(Ljava/lang/Object;Ljava/lang/Object;)Ljava/lang/Object; (10 bytes) @ 0x000000000377fe6c [0x000000000377fb80+0x2ec]
j  org.gradle.plugins.ide.idea.model.IdeaModule.resolveDependencies()Ljava/util/Set;+20
j  org.jetbrains.plugins.gradle.tooling.builder.ModelBuildScriptClasspathBuilderImpl.buildAll(Ljava/lang/String;Lorg/gradle/api/Project;)Ljava/lang/Object;+539
j  org.jetbrains.plugins.gradle.tooling.internal.ExtraModelBuilder.buildAll(Ljava/lang/String;Lorg/gradle/api/Project;)Ljava/lang/Object;+51
j  org.gradle.tooling.internal.provider.DefaultBuildController.getModel(Ljava/lang/Object;Lorg/gradle/tooling/internal/protocol/ModelIdentifier;)Lorg/gradle/tooling/internal/protocol/BuildResult;+243
j  org.gradle.tooling.internal.consumer.connection.BuildControllerAdapter.getModel(Lorg/gradle/tooling/model/Model;Ljava/lang/Class;)Ljava/lang/Object;+34
j  org.gradle.tooling.internal.consumer.connection.BuildControllerAdapter.findModel(Lorg/gradle/tooling/model/Model;Ljava/lang/Class;)Ljava/lang/Object;+3
j  org.jetbrains.plugins.gradle.model.ProjectImportAction.addExtraProject(Lorg/gradle/tooling/BuildController;Lorg/jetbrains/plugins/gradle/model/ProjectImportAction$AllModels;Lorg/gradle/tooling/model/idea/IdeaModule;)V+117
j  org.jetbrains.plugins.gradle.model.ProjectImportAction.execute(Lorg/gradle/tooling/BuildController;)Lorg/jetbrains/plugins/gradle/model/ProjectImportAction$AllModels;+109
j  org.jetbrains.plugins.gradle.model.ProjectImportAction.execute(Lorg/gradle/tooling/BuildController;)Ljava/lang/Object;+2
j  org.gradle.tooling.internal.consumer.connection.InternalBuildActionAdapter.execute(Lorg/gradle/tooling/internal/protocol/InternalBuildController;)Ljava/lang/Object;+23
j  org.gradle.tooling.internal.provider.ClientProvidedBuildAction.run(Lorg/gradle/initialization/BuildController;)Lorg/gradle/tooling/internal/provider/BuildActionResult;+93
j  org.gradle.tooling.internal.provider.ClientProvidedBuildAction.run(Lorg/gradle/initialization/BuildController;)Ljava/lang/Object;+2
j  org.gradle.tooling.internal.provider.ConfiguringBuildAction.run(Lorg/gradle/initialization/BuildController;)Ljava/lang/Object;+15
j  org.gradle.launcher.exec.InProcessBuildActionExecuter.execute(Lorg/gradle/initialization/BuildAction;Lorg/gradle/initialization/BuildCancellationToken;Lorg/gradle/launcher/exec/BuildActionParameters;)Ljava/lang/Object;+19
j  org.gradle.launcher.exec.InProcessBuildActionExecuter.execute(Lorg/gradle/initialization/BuildAction;Lorg/gradle/initialization/BuildCancellationToken;Ljava/lang/Object;)Ljava/lang/Object;+7
j  org.gradle.launcher.daemon.server.exec.ExecuteBuild.doBuild(Lorg/gradle/launcher/daemon/server/exec/DaemonCommandExecution;Lorg/gradle/launcher/daemon/protocol/Build;)V+47
j  org.gradle.launcher.daemon.server.exec.BuildCommandOnly.execute(Lorg/gradle/launcher/daemon/server/exec/DaemonCommandExecution;)V+49
j  org.gradle.launcher.daemon.server.exec.DaemonCommandExecution.proceed()Z+28
j  org.gradle.launcher.daemon.server.exec.WatchForDisconnection.execute(Lorg/gradle/launcher/daemon/server/exec/DaemonCommandExecution;)V+19
j  org.gradle.launcher.daemon.server.exec.DaemonCommandExecution.proceed()Z+28
j  org.gradle.launcher.daemon.server.exec.ResetDeprecationLogger.execute(Lorg/gradle/launcher/daemon/server/exec/DaemonCommandExecution;)V+4
j  org.gradle.launcher.daemon.server.exec.DaemonCommandExecution.proceed()Z+28
j  org.gradle.launcher.daemon.server.exec.StartStopIfBuildAndStop.execute(Lorg/gradle/launcher/daemon/server/exec/DaemonCommandExecution;)V+34
j  org.gradle.launcher.daemon.server.exec.DaemonCommandExecution.proceed()Z+28
j  org.gradle.launcher.daemon.server.exec.ForwardClientInput$2.call()Ljava/lang/Void;+4
j  org.gradle.launcher.daemon.server.exec.ForwardClientInput$2.call()Ljava/lang/Object;+1
j  org.gradle.util.Swapper.swap(Ljava/lang/Object;Ljava/util/concurrent/Callable;)Ljava/lang/Object;+21
j  org.gradle.launcher.daemon.server.exec.ForwardClientInput.execute(Lorg/gradle/launcher/daemon/server/exec/DaemonCommandExecution;)V+63
j  org.gradle.launcher.daemon.server.exec.DaemonCommandExecution.proceed()Z+28
j  org.gradle.launcher.daemon.server.exec.LogToClient.doBuild(Lorg/gradle/launcher/daemon/server/exec/DaemonCommandExecution;Lorg/gradle/launcher/daemon/protocol/Build;)V+92
j  org.gradle.launcher.daemon.server.exec.BuildCommandOnly.execute(Lorg/gradle/launcher/daemon/server/exec/DaemonCommandExecution;)V+49
j  org.gradle.launcher.daemon.server.exec.DaemonCommandExecution.proceed()Z+28
j  org.gradle.launcher.daemon.server.exec.EstablishBuildEnvironment.doBuild(Lorg/gradle/launcher/daemon/server/exec/DaemonCommandExecution;Lorg/gradle/launcher/daemon/protocol/Build;)V+237
j  org.gradle.launcher.daemon.server.exec.BuildCommandOnly.execute(Lorg/gradle/launcher/daemon/server/exec/DaemonCommandExecution;)V+49
j  org.gradle.launcher.daemon.server.exec.DaemonCommandExecution.proceed()Z+28
j  org.gradle.launcher.daemon.server.exec.DaemonHygieneAction.execute(Lorg/gradle/launcher/daemon/server/exec/DaemonCommandExecution;)V+1
j  org.gradle.launcher.daemon.server.exec.DaemonCommandExecution.proceed()Z+28
j  org.gradle.launcher.daemon.server.exec.StartBuildOrRespondWithBusy$1.run()V+44
j  org.gradle.launcher.daemon.server.DaemonStateCoordinator$1.run()V+4
j  org.gradle.internal.concurrent.DefaultExecutorFactory$StoppableExecutorImpl$1.run()V+18
j  java.util.concurrent.ThreadPoolExecutor.runWorker(Ljava/util/concurrent/ThreadPoolExecutor$Worker;)V+95
j  java.util.concurrent.ThreadPoolExecutor$Worker.run()V+5
j  java.lang.Thread.run()V+11
v  ~StubRoutines::call_stub

---------------  P R O C E S S  ---------------

Java Threads: ( => current thread )
  0x000000001bd88800 JavaThread "File lock request listener" [_thread_in_native, id=5976, stack(0x000000001cc50000,0x000000001cd50000)]
  0x0000000018fc6000 JavaThread "Stdin handler" [_thread_blocked, id=5232, stack(0x000000001b580000,0x000000001b680000)]
=>0x0000000018fcb000 JavaThread "Daemon worker" [_thread_in_native, id=6968, stack(0x000000001b480000,0x000000001b580000)]
  0x0000000018fc9000 JavaThread "Cancel handler" [_thread_blocked, id=1964, stack(0x000000001b380000,0x000000001b480000)]
  0x0000000018f22800 JavaThread "Handler for socket connection from /127.0.0.1:52230 to /127.0.0.1:52231" [_thread_in_native, id=6020, stack(0x000000001b280000,0x000000001b380000)]
  0x0000000018f20800 JavaThread "Daemon" [_thread_blocked, id=3532, stack(0x000000001af60000,0x000000001b060000)]
  0x0000000018c52800 JavaThread "Incoming local TCP Connector on port 52230" [_thread_in_native, id=2412, stack(0x000000001a780000,0x000000001a880000)]
  0x0000000017397800 JavaThread "Service Thread" daemon [_thread_blocked, id=6424, stack(0x0000000017cd0000,0x0000000017dd0000)]
  0x000000001730d800 JavaThread "C1 CompilerThread3" daemon [_thread_blocked, id=5640, stack(0x0000000017bd0000,0x0000000017cd0000)]
  0x00000000172ff800 JavaThread "C2 CompilerThread2" daemon [_thread_in_native, id=3416, stack(0x0000000017ad0000,0x0000000017bd0000)]
  0x00000000172f9800 JavaThread "C2 CompilerThread1" daemon [_thread_in_native, id=696, stack(0x00000000179d0000,0x0000000017ad0000)]
  0x00000000172f7800 JavaThread "C2 CompilerThread0" daemon [_thread_in_native, id=7116, stack(0x00000000178d0000,0x00000000179d0000)]
  0x00000000172f6000 JavaThread "Attach Listener" daemon [_thread_blocked, id=4392, stack(0x00000000177d0000,0x00000000178d0000)]
  0x00000000172f5800 JavaThread "Signal Dispatcher" daemon [_thread_blocked, id=3500, stack(0x00000000176d0000,0x00000000177d0000)]
  0x00000000027c9800 JavaThread "Finalizer" daemon [_thread_blocked, id=2836, stack(0x00000000171d0000,0x00000000172d0000)]
  0x00000000027c3000 JavaThread "Reference Handler" daemon [_thread_blocked, id=6848, stack(0x00000000170d0000,0x00000000171d0000)]
  0x000000000255e000 JavaThread "main" [_thread_blocked, id=5236, stack(0x00000000025d0000,0x00000000026d0000)]

Other Threads:
  0x00000000152e8800 VMThread [stack: 0x0000000016fd0000,0x00000000170d0000] [id=2620]
  0x000000001739c000 WatcherThread [stack: 0x0000000017dd0000,0x0000000017ed0000] [id=4896]

VM state:not at safepoint (normal execution)

VM Mutex/Monitor currently owned by a thread: None

Heap:
 PSYoungGen      total 214016K, used 55566K [0x00000000eab00000, 0x00000000fa880000, 0x0000000100000000)
  eden space 188416K, 15% used [0x00000000eab00000,0x00000000ec849e30,0x00000000f6300000)
  from space 25600K, 99% used [0x00000000f8180000,0x00000000f9a79c20,0x00000000f9a80000)
  to   space 31232K, 0% used [0x00000000f6300000,0x00000000f6300000,0x00000000f8180000)
 ParOldGen       total 117760K, used 56818K [0x00000000c0000000, 0x00000000c7300000, 0x00000000eab00000)
  object space 117760K, 48% used [0x00000000c0000000,0x00000000c377ca90,0x00000000c7300000)
 Metaspace       used 47891K, capacity 52163K, committed 52224K, reserved 1093632K
  class space    used 6637K, capacity 7897K, committed 7936K, reserved 1048576K

Card table byte_map: [0x0000000011b90000,0x0000000011da0000] byte_map_base: 0x0000000011590000

Marking Bits: (ParMarkBitMap*) 0x000000006d15d490
 Begin Bits: [0x0000000012700000, 0x0000000013700000)
 End Bits:   [0x0000000013700000, 0x0000000014700000)

Polling page: 0x0000000000ce0000

CodeCache: size=245760Kb used=22662Kb max_used=23331Kb free=223097Kb
 bounds [0x00000000027d0000, 0x0000000003eb0000, 0x00000000117d0000]
 total_blobs=6967 nmethods=6286 adapters=593
 compilation: enabled

Compilation events (10 events):
Event: 15.904 Thread 0x000000001730d800 7213   !   2       java.io.BufferedReader::read (104 bytes)
Event: 15.904 Thread 0x000000001730d800 nmethod 7213 0x0000000002c56ad0 code [0x0000000002c56c60, 0x0000000002c57158]
Event: 15.905 Thread 0x000000001730d800 7214       2       sun.security.x509.AlgorithmId::parse (100 bytes)
Event: 15.906 Thread 0x000000001730d800 nmethod 7214 0x0000000002cef3d0 code [0x0000000002cef5a0, 0x0000000002cefe08]
Event: 15.906 Thread 0x000000001730d800 7216       2       sun.security.util.DerValue::init (207 bytes)
Event: 15.907 Thread 0x000000001730d800 nmethod 7216 0x00000000028f6750 code [0x00000000028f69a0, 0x00000000028f7458]
Event: 15.907 Thread 0x000000001730d800 7217       2       java.security.MessageDigest$Delegate::engineUpdate (11 bytes)
Event: 15.907 Thread 0x000000001730d800 nmethod 7217 0x0000000002c1b450 code [0x0000000002c1b5c0, 0x0000000002c1b748]
Event: 15.907 Thread 0x000000001730d800 7215       2       sun.security.x509.AlgorithmId::<init> (31 bytes)
Event: 15.907 Thread 0x000000001730d800 nmethod 7215 0x0000000002ced2d0 code [0x0000000002ced440, 0x0000000002ced5e8]

GC Heap History (10 events):
Event: 7.792 GC heap before
{Heap before GC invocations=14 (full 2):
 PSYoungGen      total 147968K, used 13311K [0x00000000eab00000, 0x00000000f5680000, 0x0000000100000000)
  eden space 134656K, 0% used [0x00000000eab00000,0x00000000eab00000,0x00000000f2e80000)
  from space 13312K, 99% used [0x00000000f4080000,0x00000000f4d7ff28,0x00000000f4d80000)
  to   space 18432K, 0% used [0x00000000f2e80000,0x00000000f2e80000,0x00000000f4080000)
 ParOldGen       total 64000K, used 18262K [0x00000000c0000000, 0x00000000c3e80000, 0x00000000eab00000)
  object space 64000K, 28% used [0x00000000c0000000,0x00000000c11d5a68,0x00000000c3e80000)
 Metaspace       used 34162K, capacity 35368K, committed 35456K, reserved 1079296K
  class space    used 4503K, capacity 4961K, committed 4992K, reserved 1048576K
Event: 7.907 GC heap after
Heap after GC invocations=14 (full 2):
 PSYoungGen      total 147968K, used 0K [0x00000000eab00000, 0x00000000f5680000, 0x0000000100000000)
  eden space 134656K, 0% used [0x00000000eab00000,0x00000000eab00000,0x00000000f2e80000)
  from space 13312K, 0% used [0x00000000f4080000,0x00000000f4080000,0x00000000f4d80000)
  to   space 18432K, 0% used [0x00000000f2e80000,0x00000000f2e80000,0x00000000f4080000)
 ParOldGen       total 117760K, used 28263K [0x00000000c0000000, 0x00000000c7300000, 0x00000000eab00000)
  object space 117760K, 24% used [0x00000000c0000000,0x00000000c1b99d28,0x00000000c7300000)
 Metaspace       used 34162K, capacity 35368K, committed 35456K, reserved 1079296K
  class space    used 4503K, capacity 4961K, committed 4992K, reserved 1048576K
}
Event: 9.564 GC heap before
{Heap before GC invocations=15 (full 2):
 PSYoungGen      total 147968K, used 134656K [0x00000000eab00000, 0x00000000f5680000, 0x0000000100000000)
  eden space 134656K, 100% used [0x00000000eab00000,0x00000000f2e80000,0x00000000f2e80000)
  from space 13312K, 0% used [0x00000000f4080000,0x00000000f4080000,0x00000000f4d80000)
  to   space 18432K, 0% used [0x00000000f2e80000,0x00000000f2e80000,0x00000000f4080000)
 ParOldGen       total 117760K, used 28263K [0x00000000c0000000, 0x00000000c7300000, 0x00000000eab00000)
  object space 117760K, 24% used [0x00000000c0000000,0x00000000c1b99d28,0x00000000c7300000)
 Metaspace       used 39312K, capacity 41200K, committed 41472K, reserved 1085440K
  class space    used 5340K, capacity 6027K, committed 6144K, reserved 1048576K
Event: 9.577 GC heap after
Heap after GC invocations=15 (full 2):
 PSYoungGen      total 153088K, used 14808K [0x00000000eab00000, 0x00000000f7380000, 0x0000000100000000)
  eden space 134656K, 0% used [0x00000000eab00000,0x00000000eab00000,0x00000000f2e80000)
  from space 18432K, 80% used [0x00000000f2e80000,0x00000000f3cf6178,0x00000000f4080000)
  to   space 20480K, 0% used [0x00000000f5f80000,0x00000000f5f80000,0x00000000f7380000)
 ParOldGen       total 117760K, used 28271K [0x00000000c0000000, 0x00000000c7300000, 0x00000000eab00000)
  object space 117760K, 24% used [0x00000000c0000000,0x00000000c1b9bd28,0x00000000c7300000)
 Metaspace       used 39312K, capacity 41200K, committed 41472K, reserved 1085440K
  class space    used 5340K, capacity 6027K, committed 6144K, reserved 1048576K
}
Event: 11.655 GC heap before
{Heap before GC invocations=16 (full 2):
 PSYoungGen      total 153088K, used 149464K [0x00000000eab00000, 0x00000000f7380000, 0x0000000100000000)
  eden space 134656K, 100% used [0x00000000eab00000,0x00000000f2e80000,0x00000000f2e80000)
  from space 18432K, 80% used [0x00000000f2e80000,0x00000000f3cf6178,0x00000000f4080000)
  to   space 20480K, 0% used [0x00000000f5f80000,0x00000000f5f80000,0x00000000f7380000)
 ParOldGen       total 117760K, used 28271K [0x00000000c0000000, 0x00000000c7300000, 0x00000000eab00000)
  object space 117760K, 24% used [0x00000000c0000000,0x00000000c1b9bd28,0x00000000c7300000)
 Metaspace       used 42435K, capacity 45603K, committed 45696K, reserved 1087488K
  class space    used 5809K, capacity 6756K, committed 6784K, reserved 1048576K
Event: 11.675 GC heap after
Heap after GC invocations=16 (full 2):
 PSYoungGen      total 179200K, used 20467K [0x00000000eab00000, 0x00000000f7e00000, 0x0000000100000000)
  eden space 158720K, 0% used [0x00000000eab00000,0x00000000eab00000,0x00000000f4600000)
  from space 20480K, 99% used [0x00000000f5f80000,0x00000000f737cc48,0x00000000f7380000)
  to   space 26112K, 0% used [0x00000000f4600000,0x00000000f4600000,0x00000000f5f80000)
 ParOldGen       total 117760K, used 34131K [0x00000000c0000000, 0x00000000c7300000, 0x00000000eab00000)
  object space 117760K, 28% used [0x00000000c0000000,0x00000000c2154c98,0x00000000c7300000)
 Metaspace       used 42435K, capacity 45603K, committed 45696K, reserved 1087488K
  class space    used 5809K, capacity 6756K, committed 6784K, reserved 1048576K
}
Event: 14.191 GC heap before
{Heap before GC invocations=17 (full 2):
 PSYoungGen      total 179200K, used 179187K [0x00000000eab00000, 0x00000000f7e00000, 0x0000000100000000)
  eden space 158720K, 100% used [0x00000000eab00000,0x00000000f4600000,0x00000000f4600000)
  from space 20480K, 99% used [0x00000000f5f80000,0x00000000f737cc48,0x00000000f7380000)
  to   space 26112K, 0% used [0x00000000f4600000,0x00000000f4600000,0x00000000f5f80000)
 ParOldGen       total 117760K, used 34131K [0x00000000c0000000, 0x00000000c7300000, 0x00000000eab00000)
  object space 117760K, 28% used [0x00000000c0000000,0x00000000c2154c98,0x00000000c7300000)
 Metaspace       used 45035K, capacity 48925K, committed 49152K, reserved 1091584K
  class space    used 6182K, capacity 7381K, committed 7424K, reserved 1048576K
Event: 14.219 GC heap after
Heap after GC invocations=17 (full 2):
 PSYoungGen      total 184832K, used 12684K [0x00000000eab00000, 0x00000000f9a80000, 0x0000000100000000)
  eden space 158720K, 0% used [0x00000000eab00000,0x00000000eab00000,0x00000000f4600000)
  from space 26112K, 48% used [0x00000000f4600000,0x00000000f5263060,0x00000000f5f80000)
  to   space 25600K, 0% used [0x00000000f8180000,0x00000000f8180000,0x00000000f9a80000)
 ParOldGen       total 117760K, used 54556K [0x00000000c0000000, 0x00000000c7300000, 0x00000000eab00000)
  object space 117760K, 46% used [0x00000000c0000000,0x00000000c3547368,0x00000000c7300000)
 Metaspace       used 45035K, capacity 48925K, committed 49152K, reserved 1091584K
  class space    used 6182K, capacity 7381K, committed 7424K, reserved 1048576K
}
Event: 15.544 GC heap before
{Heap before GC invocations=18 (full 2):
 PSYoungGen      total 184832K, used 171404K [0x00000000eab00000, 0x00000000f9a80000, 0x0000000100000000)
  eden space 158720K, 100% used [0x00000000eab00000,0x00000000f4600000,0x00000000f4600000)
  from space 26112K, 48% used [0x00000000f4600000,0x00000000f5263060,0x00000000f5f80000)
  to   space 25600K, 0% used [0x00000000f8180000,0x00000000f8180000,0x00000000f9a80000)
 ParOldGen       total 117760K, used 54556K [0x00000000c0000000, 0x00000000c7300000, 0x00000000eab00000)
  object space 117760K, 46% used [0x00000000c0000000,0x00000000c3547368,0x00000000c7300000)
 Metaspace       used 46407K, capacity 50553K, committed 50688K, reserved 1091584K
  class space    used 6434K, capacity 7679K, committed 7680K, reserved 1048576K
Event: 15.564 GC heap after
Heap after GC invocations=18 (full 2):
 PSYoungGen      total 214016K, used 25575K [0x00000000eab00000, 0x00000000fa880000, 0x0000000100000000)
  eden space 188416K, 0% used [0x00000000eab00000,0x00000000eab00000,0x00000000f6300000)
  from space 25600K, 99% used [0x00000000f8180000,0x00000000f9a79c20,0x00000000f9a80000)
  to   space 31232K, 0% used [0x00000000f6300000,0x00000000f6300000,0x00000000f8180000)
 ParOldGen       total 117760K, used 56818K [0x00000000c0000000, 0x00000000c7300000, 0x00000000eab00000)
  object space 117760K, 48% used [0x00000000c0000000,0x00000000c377ca90,0x00000000c7300000)
 Metaspace       used 46407K, capacity 50553K, committed 50688K, reserved 1091584K
  class space    used 6434K, capacity 7679K, committed 7680K, reserved 1048576K
}

Deoptimization events (10 events):
Event: 15.797 Thread 0x0000000018fcb000 Uncommon trap: reason=class_check action=maybe_recompile pc=0x0000000002bef128 method=java.io.DataInputStream.readUnsignedShort()I @ 4
Event: 15.797 Thread 0x0000000018fcb000 Uncommon trap: reason=class_check action=maybe_recompile pc=0x0000000002bef128 method=java.io.DataInputStream.readUnsignedShort()I @ 4
Event: 15.797 Thread 0x0000000018fcb000 Uncommon trap: reason=class_check action=maybe_recompile pc=0x0000000002bef128 method=java.io.DataInputStream.readUnsignedShort()I @ 4
Event: 15.839 Thread 0x0000000018fcb000 Uncommon trap: reason=unreached action=reinterpret pc=0x000000000335ddb8 method=java.util.regex.Pattern.expr(Ljava/util/regex/Pattern$Node;)Ljava/util/regex/Pattern$Node; @ 38
Event: 15.841 Thread 0x0000000018fcb000 Uncommon trap: reason=class_check action=maybe_recompile pc=0x0000000003543bd4 method=java.util.AbstractList$Itr.hasNext()Z @ 8
Event: 15.841 Thread 0x0000000018fcb000 Uncommon trap: reason=class_check action=maybe_recompile pc=0x0000000003561f84 method=java.util.AbstractList$Itr.next()Ljava/lang/Object; @ 14
Event: 15.897 Thread 0x0000000018fcb000 Uncommon trap: reason=class_check action=maybe_recompile pc=0x0000000003543bd4 method=java.util.AbstractList$Itr.hasNext()Z @ 8
Event: 15.897 Thread 0x0000000018fcb000 Uncommon trap: reason=class_check action=maybe_recompile pc=0x0000000003561f84 method=java.util.AbstractList$Itr.next()Ljava/lang/Object; @ 14
Event: 15.900 Thread 0x0000000018fcb000 Uncommon trap: reason=class_check action=maybe_recompile pc=0x0000000003543bd4 method=java.util.AbstractList$Itr.hasNext()Z @ 8
Event: 15.900 Thread 0x0000000018fcb000 Uncommon trap: reason=class_check action=maybe_recompile pc=0x0000000003561f84 method=java.util.AbstractList$Itr.next()Ljava/lang/Object; @ 14

Internal exceptions (10 events):
Event: 15.892 Thread 0x0000000018fcb000 Exception <a 'java/security/PrivilegedActionException'> (0x00000000ec6ce9b0) thrown at [D:\re\workspace\8-2-build-windows-amd64-cygwin\jdk8u25\1677\hotspot\src\share\vm\prims\jvm.cpp, line 1312]
Event: 15.892 Thread 0x0000000018fcb000 Exception <a 'java/security/PrivilegedActionException'> (0x00000000ec6d65d0) thrown at [D:\re\workspace\8-2-build-windows-amd64-cygwin\jdk8u25\1677\hotspot\src\share\vm\prims\jvm.cpp, line 1312]
Event: 15.892 Thread 0x0000000018fcb000 Exception <a 'java/security/PrivilegedActionException'> (0x00000000ec6d7718) thrown at [D:\re\workspace\8-2-build-windows-amd64-cygwin\jdk8u25\1677\hotspot\src\share\vm\prims\jvm.cpp, line 1312]
Event: 15.892 Thread 0x0000000018fcb000 Exception <a 'java/security/PrivilegedActionException'> (0x00000000ec6dd3e8) thrown at [D:\re\workspace\8-2-build-windows-amd64-cygwin\jdk8u25\1677\hotspot\src\share\vm\prims\jvm.cpp, line 1312]
Event: 15.893 Thread 0x0000000018fcb000 Exception <a 'java/security/PrivilegedActionException'> (0x00000000ec6e6920) thrown at [D:\re\workspace\8-2-build-windows-amd64-cygwin\jdk8u25\1677\hotspot\src\share\vm\prims\jvm.cpp, line 1312]
Event: 15.893 Thread 0x0000000018fcb000 Exception <a 'java/security/PrivilegedActionException'> (0x00000000ec6e79b0) thrown at [D:\re\workspace\8-2-build-windows-amd64-cygwin\jdk8u25\1677\hotspot\src\share\vm\prims\jvm.cpp, line 1312]
Event: 15.893 Thread 0x0000000018fcb000 Exception <a 'java/security/PrivilegedActionException'> (0x00000000ec6ec890) thrown at [D:\re\workspace\8-2-build-windows-amd64-cygwin\jdk8u25\1677\hotspot\src\share\vm\prims\jvm.cpp, line 1312]
Event: 15.894 Thread 0x0000000018fcb000 Exception <a 'java/security/PrivilegedActionException'> (0x00000000ec6f61c8) thrown at [D:\re\workspace\8-2-build-windows-amd64-cygwin\jdk8u25\1677\hotspot\src\share\vm\prims\jvm.cpp, line 1312]
Event: 15.894 Thread 0x0000000018fcb000 Exception <a 'java/security/PrivilegedActionException'> (0x00000000ec6f7328) thrown at [D:\re\workspace\8-2-build-windows-amd64-cygwin\jdk8u25\1677\hotspot\src\share\vm\prims\jvm.cpp, line 1312]
Event: 15.894 Thread 0x0000000018fcb000 Exception <a 'java/security/PrivilegedActionException'> (0x00000000ec6fd188) thrown at [D:\re\workspace\8-2-build-windows-amd64-cygwin\jdk8u25\1677\hotspot\src\share\vm\prims\jvm.cpp, line 1312]

Events (10 events):
Event: 15.904 loading class javax/crypto/JarVerifier
Event: 15.905 loading class javax/crypto/JarVerifier done
Event: 15.905 loading class javax/crypto/JarVerifier$1
Event: 15.905 loading class javax/crypto/JarVerifier$1 done
Event: 15.905 loading class sun/security/validator/Validator
Event: 15.906 loading class sun/security/validator/Validator done
Event: 15.906 loading class sun/security/validator/SimpleValidator
Event: 15.906 loading class sun/security/validator/SimpleValidator done
Event: 15.906 loading class sun/security/validator/EndEntityChecker
Event: 15.906 loading class sun/security/validator/EndEntityChecker done


Dynamic libraries:
0x00007ff66d420000 - 0x00007ff66d454000 	C:\Program Files\Java\jdk1.8.0_25\bin\java.exe
0x00007ff889f90000 - 0x00007ff88a139000 	C:\Windows\SYSTEM32\ntdll.dll
0x00007ff889bc0000 - 0x00007ff889cfa000 	C:\Windows\system32\KERNEL32.DLL
0x00007ff8875c0000 - 0x00007ff8876cf000 	C:\Windows\system32\KERNELBASE.dll
0x00007ff889d00000 - 0x00007ff889da5000 	C:\Windows\system32\ADVAPI32.dll
0x00007ff8890e0000 - 0x00007ff889251000 	C:\Windows\system32\USER32.dll
0x00007ff884eb0000 - 0x00007ff88510a000 	C:\Windows\WinSxS\amd64_microsoft.windows.common-controls_6595b64144ccf1df_6.0.9600.16384_none_62475f7becb72503\COMCTL32.dll
0x00007ff8878c0000 - 0x00007ff887967000 	C:\Windows\system32\msvcrt.dll
0x00007ff889330000 - 0x00007ff889387000 	C:\Windows\SYSTEM32\sechost.dll
0x00007ff889390000 - 0x00007ff8894c6000 	C:\Windows\system32\RPCRT4.dll
0x00007ff8879d0000 - 0x00007ff887b15000 	C:\Windows\system32\GDI32.dll
0x00007ff887990000 - 0x00007ff8879c4000 	C:\Windows\system32\IMM32.DLL
0x00007ff889a80000 - 0x00007ff889bb9000 	C:\Windows\system32\MSCTF.dll
0x000000006c8a0000 - 0x000000006c972000 	C:\Program Files\Java\jdk1.8.0_25\jre\bin\msvcr100.dll
0x000000006c980000 - 0x000000006d1da000 	C:\Program Files\Java\jdk1.8.0_25\jre\bin\server\jvm.dll
0x00007ff884060000 - 0x00007ff884069000 	C:\Windows\SYSTEM32\WSOCK32.dll
0x00007ff87ca90000 - 0x00007ff87caaf000 	C:\Windows\SYSTEM32\WINMM.dll
0x00007ff8899b0000 - 0x00007ff8899b7000 	C:\Windows\system32\PSAPI.DLL
0x00007ff8896b0000 - 0x00007ff889708000 	C:\Windows\system32\WS2_32.dll
0x00007ff87c990000 - 0x00007ff87c9ba000 	C:\Windows\SYSTEM32\WINMMBASE.dll
0x00007ff889710000 - 0x00007ff889719000 	C:\Windows\system32\NSI.dll
0x00007ff8877d0000 - 0x00007ff88781a000 	C:\Windows\SYSTEM32\cfgmgr32.dll
0x00007ff886140000 - 0x00007ff886166000 	C:\Windows\SYSTEM32\DEVOBJ.dll
0x000000006c890000 - 0x000000006c89f000 	C:\Program Files\Java\jdk1.8.0_25\jre\bin\verify.dll
0x000000006c860000 - 0x000000006c888000 	C:\Program Files\Java\jdk1.8.0_25\jre\bin\java.dll
0x000000006c840000 - 0x000000006c856000 	C:\Program Files\Java\jdk1.8.0_25\jre\bin\zip.dll
0x00007ff887cc0000 - 0x00007ff8890ce000 	C:\Windows\system32\SHELL32.dll
0x00007ff889db0000 - 0x00007ff889f87000 	C:\Windows\SYSTEM32\combase.dll
0x00007ff889260000 - 0x00007ff8892b1000 	C:\Windows\system32\SHLWAPI.dll
0x00007ff885380000 - 0x00007ff885421000 	C:\Windows\SYSTEM32\SHCORE.dll
0x00007ff887310000 - 0x00007ff887324000 	C:\Windows\SYSTEM32\profapi.dll
0x00007ff886bd0000 - 0x00007ff886bee000 	C:\Windows\SYSTEM32\CRYPTSP.dll
0x00007ff886810000 - 0x00007ff886845000 	C:\Windows\system32\rsaenh.dll
0x00007ff886e00000 - 0x00007ff886e26000 	C:\Windows\SYSTEM32\bcrypt.dll
0x00007ff886920000 - 0x00007ff88693f000 	C:\Windows\SYSTEM32\USERENV.dll
0x00007ff887120000 - 0x00007ff88717e000 	C:\Windows\system32\bcryptprimitives.dll
0x00007ff887180000 - 0x00007ff88718a000 	C:\Windows\SYSTEM32\CRYPTBASE.dll
0x000000006c820000 - 0x000000006c83a000 	C:\Program Files\Java\jdk1.8.0_25\jre\bin\net.dll
0x0000000180000000 - 0x0000000180078000 	C:\Windows\system32\ASProxy64.dll
0x00007ff886b70000 - 0x00007ff886bc8000 	C:\Windows\SYSTEM32\MSWSOCK.dll
0x00007ff8863e0000 - 0x00007ff886409000 	C:\Windows\SYSTEM32\IPHLPAPI.DLL
0x00007ff889830000 - 0x00007ff8899a5000 	C:\Windows\system32\ole32.dll
0x00007ff8899c0000 - 0x00007ff889a77000 	C:\Windows\system32\OLEAUT32.dll
0x00007ff8863d0000 - 0x00007ff8863da000 	C:\Windows\SYSTEM32\VERSION.dll
0x00007ff8863c0000 - 0x00007ff8863ca000 	C:\Windows\SYSTEM32\WINNSI.DLL
0x00007ff8870f0000 - 0x00007ff88711b000 	C:\Windows\SYSTEM32\SspiCli.dll
0x00007ff8861b0000 - 0x00007ff8861ba000 	C:\Windows\SYSTEM32\kernel.appcore.dll
0x00007ff885fc0000 - 0x00007ff8860e2000 	C:\Windows\system32\uxtheme.dll
0x00007ff889780000 - 0x00007ff889824000 	C:\Windows\SYSTEM32\clbcatq.dll
0x00007ff887260000 - 0x00007ff8872f7000 	C:\Windows\SYSTEM32\sxs.dll
0x00007ff8828b0000 - 0x00007ff8828c4000 	C:\Windows\SYSTEM32\dhcpcsvc6.DLL
0x00007ff882820000 - 0x00007ff882839000 	C:\Windows\SYSTEM32\dhcpcsvc.DLL
0x000000006c800000 - 0x000000006c811000 	C:\Program Files\Java\jdk1.8.0_25\jre\bin\nio.dll
0x00007ff878d40000 - 0x00007ff878d52000 	C:\Users\Administrator\AppData\Local\Temp\native-platform5395825642589393394dir\native-platform.dll
0x000000006c530000 - 0x000000006c554000 	C:\Program Files\Java\jdk1.8.0_25\jre\bin\sunec.dll
0x00007ff877dd0000 - 0x00007ff877de4000 	C:\Windows\system32\napinsp.dll
0x00007ff877df0000 - 0x00007ff877e09000 	C:\Windows\system32\pnrpnsp.dll
0x00007ff884bf0000 - 0x00007ff884c09000 	C:\Windows\system32\NLAapi.dll
0x00007ff886980000 - 0x00007ff886a23000 	C:\Windows\SYSTEM32\DNSAPI.dll
0x00007ff877e10000 - 0x00007ff877e1c000 	C:\Windows\System32\winrnr.dll
0x00007ff877e40000 - 0x00007ff877e53000 	C:\Windows\system32\wshbth.dll
0x00007ff87ab00000 - 0x00007ff87ab09000 	C:\Windows\System32\rasadhlp.dll
0x00007ff882c40000 - 0x00007ff882ca7000 	C:\Windows\System32\fwpuclnt.dll
0x00007ff87b450000 - 0x00007ff87b5d8000 	C:\Windows\SYSTEM32\dbghelp.dll

VM Arguments:
jvm_args: -XX:MaxPermSize=256m -XX:+HeapDumpOnOutOfMemoryError -Xmx1024m -Dfile.encoding=windows-1252 -Duser.country=US -Duser.language=en -Duser.variant 
java_command: org.gradle.launcher.daemon.bootstrap.GradleDaemon 2.2.1 C:\Users\Administrator\.gradle\daemon 10800000 fa96559d-3b2b-452d-b56c-c8d89df2bc2e -XX:MaxPermSize=256m -XX:+HeapDumpOnOutOfMemoryError -Xmx1024m -Dfile.encoding=windows-1252 -Duser.country=US -Duser.language=en -Duser.variant
java_class_path (initial): C:\Program Files\Android\Android Studio\gradle\gradle-2.2.1\lib\gradle-launcher-2.2.1.jar
Launcher Type: SUN_STANDARD

Environment Variables:
PATH=C:\ProgramData\Oracle\Java\javapath;C:\Windows\system32;C:\Windows;C:\Windows\System32\Wbem;C:\Windows\System32\WindowsPowerShell\v1.0\;C:\Program Files (x86)\Skype\Phone\;C:\Program Files\nodejs\;D:\Resource\apache-ant-1.9.6-bin\apache-ant-1.9.6\bin;C:\Users\Administrator\AppData\Roaming\npm
USERNAME=Administrator
OS=Windows_NT
PROCESSOR_IDENTIFIER=Intel64 Family 6 Model 60 Stepping 3, GenuineIntel



---------------  S Y S T E M  ---------------

OS: Windows 8.1 , 64 bit Build 9600 

CPU:total 8 (4 cores per cpu, 2 threads per core) family 6 model 60 stepping 3, cmov, cx8, fxsr, mmx, sse, sse2, sse3, ssse3, sse4.1, sse4.2, popcnt, avx, avx2, aes, clmul, erms, rtm, lzcnt, ht, tsc, tscinvbit, bmi1, bmi2

Memory: 4k page, physical 8308264k(4114024k free), swap 10274344k(5495432k free)

vm_info: Java HotSpot(TM) 64-Bit Server VM (25.25-b02) for windows-amd64 JRE (1.8.0_25-b18), built on Oct  7 2014 14:25:37 by "java_re" with MS VC++ 10.0 (VS2010)

time: Thu Aug 06 20:23:49 2015
elapsed time: 15 seconds (0d 0h 0m 15s)

