#
# A fatal error has been detected by the Java Runtime Environment:
#
#  EXCEPTION_ACCESS_VIOLATION (0xc0000005) at pc=0x0000000000b89600, pid=6160, tid=6980
#
# JRE version: Java(TM) SE Runtime Environment (8.0_25-b18) (build 1.8.0_25-b18)
# Java VM: Java HotSpot(TM) 64-Bit Server VM (25.25-b02 mixed mode windows-amd64 compressed oops)
# Problematic frame:
# C  0x0000000000b89600
#
# Failed to write core dump. Minidumps are not enabled by default on client versions of Windows
#
# If you would like to submit a bug report, please visit:
#   http://bugreport.sun.com/bugreport/crash.jsp
# The crash happened outside the Java Virtual Machine in native code.
# See problematic frame for where to report the bug.
#

---------------  T H R E A D  ---------------

Current thread (0x0000000018ec7800):  JavaThread "Daemon worker" [_thread_in_native, id=6980, stack(0x000000001b540000,0x000000001b640000)]

siginfo: ExceptionCode=0xc0000005, ExceptionInformation=0x0000000000000008 0x0000000000b89600

Registers:
RAX=0x0000000000000000, RBX=0x0000000000b89600, RCX=0x0000000000b89600, RDX=0x000000001b637cf8
RSP=0x000000001b637d90, RBP=0x0000000000000000, RSI=0x000000018002db42, RDI=0x000000001d613460
R8 =0x000000018006eb38, R9 =0x000000001d2fb120, R10=0x00007ff889f90000, R11=0x000000006d0ecaa0
R12=0x000000001d6134a8, R13=0x000000001d2fb130, R14=0x000000001b637f08, R15=0x0000000000000003
RIP=0x0000000000b89600, EFLAGS=0x0000000000010206

Top of Stack: (sp=0x000000001b637d90)
0x000000001b637d90:   0000000018ec79e8 000000006c908d94
0x000000001b637da0:   000000001d3dfde0 0000000000000000
0x000000001b637db0:   000000001d3e0320 000000001d3dfde0
0x000000001b637dc0:   0000000018ec79e8 000000006c823cd2
0x000000001b637dd0:   0000000000b89600 0000000018ec79e8
0x000000001b637de0:   000000001d3dfde0 000000001d3e0320
0x000000001b637df0:   0000d07600000001 0000000000b89600
0x000000001b637e00:   000000001d3e0320 0000000000000002
0x000000001b637e10:   0000000000000000 0000000000000000
0x000000001b637e20:   0000000000000000 0000000000000000
0x000000001b637e30:   0000000000000000 0000000000000000
0x000000001b637e40:   0000000018ec7800 000000001b637f10
0x000000001b637e50:   0000000014f5c250 0000000000000000
0x000000001b637e60:   0000000000000000 0000000002825b74
0x000000001b637e70:   0000000014f5c258 000000001b637ee8
0x000000001b637e80:   0000000000000000 0000000000000000 

Instructions: (pc=0x0000000000b89600)
0x0000000000b895e0:   f0 26 b5 00 00 00 00 00 01 00 01 00 e0 00 00 00
0x0000000000b895f0:   00 00 00 00 00 00 00 00 9a 85 03 28 00 28 00 90
0x0000000000b89600:   00 00 00 00 17 00 00 00 00 00 00 00 00 00 00 00
0x0000000000b89610:   1c 00 00 00 00 00 00 00 70 79 ba 00 00 00 00 00 


Register to memory mapping:

RAX=0x0000000000000000 is an unknown value
RBX=0x0000000000b89600 is an unknown value
RCX=0x0000000000b89600 is an unknown value
RDX=0x000000001b637cf8 is pointing into the stack for thread: 0x0000000018ec7800
RSP=0x000000001b637d90 is pointing into the stack for thread: 0x0000000018ec7800
RBP=0x0000000000000000 is an unknown value
RSI=0x000000018002db42 is an unknown value
RDI=0x000000001d613460 is an unknown value
R8 =0x000000018006eb38 is an unknown value
R9 =0x000000001d2fb120 is an unknown value
R10=0x00007ff889f90000 is an unknown value
R11=0x000000006d0ecaa0 is an unknown value
R12=0x000000001d6134a8 is an unknown value
R13=0x000000001d2fb130 is an unknown value
R14=0x000000001b637f08 is pointing into the stack for thread: 0x0000000018ec7800
R15=0x0000000000000003 is an unknown value


Stack: [0x000000001b540000,0x000000001b640000],  sp=0x000000001b637d90,  free space=991k
Native frames: (J=compiled Java code, j=interpreted, Vv=VM code, C=native code)

Java frames: (J=compiled Java code, j=interpreted, Vv=VM code)
j  java.net.Inet6AddressImpl.lookupAllHostAddr(Ljava/lang/String;)[Ljava/net/InetAddress;+0
j  java.net.InetAddress$2.lookupAllHostAddr(Ljava/lang/String;)[Ljava/net/InetAddress;+4
j  java.net.InetAddress.getAddressesFromNameService(Ljava/lang/String;Ljava/net/InetAddress;)[Ljava/net/InetAddress;+51
j  java.net.InetAddress.getLocalHost()Ljava/net/InetAddress;+90
j  javax.crypto.JarVerifier.getSystemEntropy()[B+91
j  javax.crypto.JarVerifier.testSignatures(Ljava/security/cert/X509Certificate;Ljava/security/cert/CertificateFactory;)V+3
j  javax.crypto.JarVerifier.access$400(Ljava/security/cert/X509Certificate;Ljava/security/cert/CertificateFactory;)V+2
j  javax.crypto.JarVerifier$1.run()Ljava/lang/Void;+71
j  javax.crypto.JarVerifier$1.run()Ljava/lang/Object;+1
v  ~StubRoutines::call_stub
J 635  java.security.AccessController.doPrivileged(Ljava/security/PrivilegedExceptionAction;)Ljava/lang/Object; (0 bytes) @ 0x0000000002ac1492 [0x0000000002ac1440+0x52]
j  javax.crypto.JarVerifier.<clinit>()V+7
v  ~StubRoutines::call_stub
j  javax.crypto.JceSecurity.loadPolicies(Ljava/io/File;Ljavax/crypto/CryptoPermissions;Ljavax/crypto/CryptoPermissions;)V+146
j  javax.crypto.JceSecurity.setupJurisdictionPolicies()V+130
j  javax.crypto.JceSecurity.access$000()V+0
j  javax.crypto.JceSecurity$1.run()Ljava/lang/Object;+0
v  ~StubRoutines::call_stub
J 635  java.security.AccessController.doPrivileged(Ljava/security/PrivilegedExceptionAction;)Ljava/lang/Object; (0 bytes) @ 0x0000000002ac1492 [0x0000000002ac1440+0x52]
j  javax.crypto.JceSecurity.<clinit>()V+49
v  ~StubRoutines::call_stub
j  javax.crypto.JceSecurityManager.<clinit>()V+31
v  ~StubRoutines::call_stub
j  javax.crypto.Cipher.getConfiguredPermission(Ljava/lang/String;)Ljavax/crypto/CryptoPermission;+17
j  javax.crypto.Cipher.getMaxAllowedKeyLength(Ljava/lang/String;)I+1
j  sun.security.ssl.CipherSuite$BulkCipher.isAvailable(Lsun/security/ssl/CipherSuite$BulkCipher;)Z+36
j  sun.security.ssl.CipherSuite$BulkCipher.isAvailable()Z+27
j  sun.security.ssl.CipherSuite.isAvailable()Z+21
j  sun.security.ssl.SSLContextImpl.getApplicableCipherSuiteList(Lsun/security/ssl/ProtocolList;Z)Lsun/security/ssl/CipherSuiteList;+105
j  sun.security.ssl.SSLContextImpl.getDefaultCipherSuiteList(Z)Lsun/security/ssl/CipherSuiteList;+55
j  sun.security.ssl.SSLSocketImpl.init(Lsun/security/ssl/SSLContextImpl;Z)V+83
j  sun.security.ssl.SSLSocketImpl.<init>(Lsun/security/ssl/SSLContextImpl;)V+96
j  sun.security.ssl.SSLSocketFactoryImpl.createSocket()Ljava/net/Socket;+8
j  org.apache.http.conn.ssl.SSLSocketFactory.createSocket(Lorg/apache/http/params/HttpParams;)Ljava/net/Socket;+4
j  org.apache.http.impl.conn.DefaultClientConnectionOperator.openConnection(Lorg/apache/http/conn/OperatedClientConnection;Lorg/apache/http/HttpHost;Ljava/net/InetAddress;Lorg/apache/http/protocol/HttpContext;Lorg/apache/http/params/HttpParams;)V+142
j  org.apache.http.impl.conn.ManagedClientConnectionImpl.open(Lorg/apache/http/conn/routing/HttpRoute;Lorg/apache/http/protocol/HttpContext;Lorg/apache/http/params/HttpParams;)V+133
j  org.apache.http.impl.client.DefaultRequestDirector.tryConnect(Lorg/apache/http/impl/client/RoutedRequest;Lorg/apache/http/protocol/HttpContext;)V+49
j  org.apache.http.impl.client.DefaultRequestDirector.execute(Lorg/apache/http/HttpHost;Lorg/apache/http/HttpRequest;Lorg/apache/http/protocol/HttpContext;)Lorg/apache/http/HttpResponse;+367
j  org.apache.http.impl.client.AbstractHttpClient.execute(Lorg/apache/http/HttpHost;Lorg/apache/http/HttpRequest;Lorg/apache/http/protocol/HttpContext;)Lorg/apache/http/HttpResponse;+344
j  org.apache.http.impl.client.DecompressingHttpClient.execute(Lorg/apache/http/HttpHost;Lorg/apache/http/HttpRequest;Lorg/apache/http/protocol/HttpContext;)Lorg/apache/http/HttpResponse;+65
j  org.apache.http.impl.client.DecompressingHttpClient.execute(Lorg/apache/http/client/methods/HttpUriRequest;Lorg/apache/http/protocol/HttpContext;)Lorg/apache/http/HttpResponse;+8
j  org.gradle.internal.resource.transport.http.HttpClientHelper.performHttpRequest(Lorg/apache/http/client/methods/HttpRequestBase;)Lorg/apache/http/HttpResponse;+37
j  org.gradle.internal.resource.transport.http.HttpClientHelper.executeGetOrHead(Lorg/apache/http/client/methods/HttpRequestBase;)Lorg/apache/http/HttpResponse;+2
j  org.gradle.internal.resource.transport.http.HttpClientHelper.performRequest(Lorg/apache/http/client/methods/HttpRequestBase;)Lorg/apache/http/HttpResponse;+7
j  org.gradle.internal.resource.transport.http.HttpClientHelper.performRawGet(Ljava/lang/String;)Lorg/apache/http/HttpResponse;+9
j  org.gradle.internal.resource.transport.http.HttpClientHelper.performGet(Ljava/lang/String;)Lorg/apache/http/HttpResponse;+6
j  org.gradle.internal.resource.transport.http.HttpResourceAccessor.getResource(Ljava/net/URI;)Lorg/gradle/internal/resource/transport/http/HttpResponseResource;+25
j  org.gradle.internal.resource.transport.http.HttpResourceAccessor.getResource(Ljava/net/URI;)Lorg/gradle/internal/resource/ExternalResource;+2
j  org.gradle.internal.resource.transfer.ProgressLoggingExternalResourceAccessor.getResource(Ljava/net/URI;)Lorg/gradle/internal/resource/ExternalResource;+5
j  org.gradle.internal.resource.transfer.DefaultCacheAwareExternalResourceAccessor.getResource(Ljava/net/URI;Lorg/gradle/internal/resource/transfer/CacheAwareExternalResourceAccessor$ResourceFileStore;Lorg/gradle/internal/resource/local/LocallyAvailableResourceCandidates;)Lorg/gradle/internal/resource/LocallyAvailableExternalResource;+52
j  org.gradle.api.internal.artifacts.repositories.resolver.DefaultExternalResourceArtifactResolver.downloadStaticResource(Ljava/util/List;Lorg/gradle/internal/component/external/model/ModuleComponentArtifactMetaData;Lorg/gradle/internal/resolve/result/ResourceAwareResolveResult;)Lorg/gradle/internal/resource/LocallyAvailableExternalResource;+92
j  org.gradle.api.internal.artifacts.repositories.resolver.DefaultExternalResourceArtifactResolver.resolveMetaDataArtifact(Lorg/gradle/internal/component/external/model/ModuleComponentArtifactMetaData;Lorg/gradle/internal/resolve/result/ResourceAwareResolveResult;)Lorg/gradle/internal/resource/LocallyAvailableExternalResource;+7
j  org.gradle.api.internal.artifacts.repositories.resolver.ExternalResourceResolver.parseMetaDataFromArtifact(Lorg/gradle/api/artifacts/component/ModuleComponentIdentifier;Lorg/gradle/api/internal/artifacts/repositories/resolver/ExternalResourceArtifactResolver;Lorg/gradle/internal/resolve/result/ResourceAwareResolveResult;)Lorg/gradle/internal/component/external/model/MutableModuleComponentResolveMetaData;+11
j  org.gradle.api.internal.artifacts.repositories.resolver.ExternalResourceResolver.resolveStaticDependency(Lorg/gradle/internal/component/model/DependencyMetaData;Lorg/gradle/api/artifacts/component/ModuleComponentIdentifier;Lorg/gradle/internal/resolve/result/BuildableModuleComponentMetaDataResolveResult;Lorg/gradle/api/internal/artifacts/repositories/resolver/ExternalResourceArtifactResolver;)V+5
j  org.gradle.api.internal.artifacts.repositories.resolver.MavenResolver.doResolveComponentMetaData(Lorg/gradle/internal/component/model/DependencyMetaData;Lorg/gradle/api/artifacts/component/ModuleComponentIdentifier;Lorg/gradle/internal/resolve/result/BuildableModuleComponentMetaDataResolveResult;)V+39
j  org.gradle.api.internal.artifacts.repositories.resolver.ExternalResourceResolver$RemoteRepositoryAccess.resolveComponentMetaData(Lorg/gradle/internal/component/model/DependencyMetaData;Lorg/gradle/api/artifacts/component/ModuleComponentIdentifier;Lorg/gradle/internal/resolve/result/BuildableModuleComponentMetaDataResolveResult;)V+7
j  org.gradle.api.internal.artifacts.ivyservice.ivyresolve.CacheLockReleasingModuleComponentsRepository$LockReleasingRepositoryAccess$2.run()V+19
J 5666 C1 org.gradle.internal.Factories$1.create()Ljava/lang/Object; (11 bytes) @ 0x00000000038e1aac [0x00000000038e1a40+0x6c]
j  org.gradle.cache.internal.DefaultCacheAccess.longRunningOperation(Ljava/lang/String;Lorg/gradle/internal/Factory;)Ljava/lang/Object;+7
j  org.gradle.cache.internal.DefaultCacheAccess.longRunningOperation(Ljava/lang/String;Ljava/lang/Runnable;)V+6
j  org.gradle.cache.internal.DefaultPersistentDirectoryStore.longRunningOperation(Ljava/lang/String;Ljava/lang/Runnable;)V+6
j  org.gradle.cache.internal.DefaultCacheFactory$ReferenceTrackingCache.longRunningOperation(Ljava/lang/String;Ljava/lang/Runnable;)V+9
j  org.gradle.api.internal.artifacts.ivyservice.DefaultCacheLockingManager.longRunningOperation(Ljava/lang/String;Ljava/lang/Runnable;)V+6
j  org.gradle.api.internal.artifacts.ivyservice.ivyresolve.CacheLockReleasingModuleComponentsRepository$LockReleasingRepositoryAccess.resolveComponentMetaData(Lorg/gradle/internal/component/model/DependencyMetaData;Lorg/gradle/api/artifacts/component/ModuleComponentIdentifier;Lorg/gradle/internal/resolve/result/BuildableModuleComponentMetaDataResolveResult;)V+35
j  org.gradle.api.internal.artifacts.ivyservice.ivyresolve.CachingModuleComponentRepository$ResolveAndCacheRepositoryAccess.resolveComponentMetaData(Lorg/gradle/internal/component/model/DependencyMetaData;Lorg/gradle/api/artifacts/component/ModuleComponentIdentifier;Lorg/gradle/internal/resolve/result/BuildableModuleComponentMetaDataResolveResult;)V+24
J 5921 C1 org.gradle.api.internal.artifacts.ivyservice.ivyresolve.memcache.InMemoryCachedModuleComponentRepository$CachedAccess.resolveComponentMetaData(Lorg/gradle/internal/component/model/DependencyMetaData;Lorg/gradle/api/artifacts/component/ModuleComponentIdentifier;Lorg/gradle/internal/resolve/result/BuildableModuleComponentMetaDataResolveResult;)V (29 bytes) @ 0x0000000003946fdc [0x0000000003946f20+0xbc]
J 6219 C1 org.gradle.api.internal.artifacts.ivyservice.ivyresolve.ComponentMetaDataResolveState.process(Lorg/gradle/internal/component/model/DependencyMetaData;Lorg/gradle/api/artifacts/component/ModuleComponentIdentifier;Lorg/gradle/api/internal/artifacts/ivyservice/ivyresolve/ModuleComponentRepositoryAccess;Lorg/gradle/internal/resolve/result/BuildableModuleComponentMetaDataResolveResult;)V (75 bytes) @ 0x00000000039efd74 [0x00000000039efce0+0x94]
J 6218 C1 org.gradle.api.internal.artifacts.ivyservice.ivyresolve.ComponentMetaDataResolveState.resolve()Lorg/gradle/internal/resolve/result/BuildableModuleComponentMetaDataResolveResult; (120 bytes) @ 0x00000000039ee184 [0x00000000039ee000+0x184]
J 6372 C1 org.gradle.api.internal.artifacts.ivyservice.ivyresolve.RepositoryChainDependencyResolver.findBestMatch(Ljava/util/LinkedList;Ljava/util/Collection;Ljava/util/Collection;)Lorg/gradle/api/internal/artifacts/ivyservice/ivyresolve/RepositoryChainModuleResolution; (199 bytes) @ 0x0000000003a4784c [0x0000000003a47760+0xec]
J 6371 C1 org.gradle.api.internal.artifacts.ivyservice.ivyresolve.RepositoryChainDependencyResolver.findBestMatch(Ljava/util/List;Ljava/util/Collection;)Lorg/gradle/api/internal/artifacts/ivyservice/ivyresolve/RepositoryChainModuleResolution; (62 bytes) @ 0x0000000003a4a4cc [0x0000000003a4a320+0x1ac]
J 6370 C1 org.gradle.api.internal.artifacts.ivyservice.ivyresolve.RepositoryChainDependencyResolver.resolve(Lorg/gradle/internal/component/model/DependencyMetaData;Lorg/gradle/internal/resolve/result/BuildableComponentResolveResult;)V (341 bytes) @ 0x0000000003a45c7c [0x0000000003a45740+0x53c]
j  org.gradle.api.internal.artifacts.query.DefaultArtifactResolutionQuery.buildComponentResult(Lorg/gradle/api/artifacts/component/ModuleComponentIdentifier;Lorg/gradle/api/internal/artifacts/ivyservice/ivyresolve/RepositoryChain;Lorg/gradle/internal/resolve/resolver/ArtifactResolver;)Lorg/gradle/api/artifacts/result/ComponentArtifactsResult;+25
j  org.gradle.api.internal.artifacts.query.DefaultArtifactResolutionQuery.access$100(Lorg/gradle/api/internal/artifacts/query/DefaultArtifactResolutionQuery;Lorg/gradle/api/artifacts/component/ModuleComponentIdentifier;Lorg/gradle/api/internal/artifacts/ivyservice/ivyresolve/RepositoryChain;Lorg/gradle/internal/resolve/resolver/ArtifactResolver;)Lorg/gradle/api/artifacts/result/ComponentArtifactsResult;+4
j  org.gradle.api.internal.artifacts.query.DefaultArtifactResolutionQuery$1.create()Lorg/gradle/api/artifacts/result/ArtifactResolutionResult;+100
j  org.gradle.api.internal.artifacts.query.DefaultArtifactResolutionQuery$1.create()Ljava/lang/Object;+1
J 4155 C1 org.gradle.cache.internal.DefaultCacheAccess.useCache(Ljava/lang/String;Lorg/gradle/internal/Factory;)Ljava/lang/Object; (180 bytes) @ 0x000000000300565c [0x0000000003005420+0x23c]
j  org.gradle.cache.internal.DefaultPersistentDirectoryStore.useCache(Ljava/lang/String;Lorg/gradle/internal/Factory;)Ljava/lang/Object;+6
j  org.gradle.cache.internal.DefaultCacheFactory$ReferenceTrackingCache.useCache(Ljava/lang/String;Lorg/gradle/internal/Factory;)Ljava/lang/Object;+9
j  org.gradle.api.internal.artifacts.ivyservice.DefaultCacheLockingManager.useCache(Ljava/lang/String;Lorg/gradle/internal/Factory;)Ljava/lang/Object;+6
j  org.gradle.api.internal.artifacts.query.DefaultArtifactResolutionQuery.execute()Lorg/gradle/api/artifacts/result/ArtifactResolutionResult;+96
j  org.gradle.plugins.ide.internal.IdeDependenciesExtractor.downloadAuxiliaryArtifacts(Lorg/gradle/api/artifacts/dsl/DependencyHandler;Lcom/google/common/collect/Multimap;Ljava/util/List;)V+66
j  org.gradle.plugins.ide.internal.IdeDependenciesExtractor.extractRepoFileDependencies(Lorg/gradle/api/artifacts/dsl/DependencyHandler;Ljava/util/Collection;Ljava/util/Collection;ZZ)Ljava/util/Collection;+109
j  org.gradle.plugins.ide.idea.model.internal.IdeaDependenciesProvider.provideFromScopeRuleMappings(Lorg/gradle/plugins/ide/idea/model/IdeaModule;)Ljava/util/Set;+157
j  org.gradle.plugins.ide.idea.model.internal.IdeaDependenciesProvider.provide(Lorg/gradle/plugins/ide/idea/model/IdeaModule;)Ljava/util/Set;+166
j  sun.reflect.GeneratedMethodAccessor332.invoke(Ljava/lang/Object;[Ljava/lang/Object;)Ljava/lang/Object;+40
J 783 C1 sun.reflect.DelegatingMethodAccessorImpl.invoke(Ljava/lang/Object;[Ljava/lang/Object;)Ljava/lang/Object; (10 bytes) @ 0x0000000002b24744 [0x0000000002b24640+0x104]
J 782 C1 java.lang.reflect.Method.invoke(Ljava/lang/Object;[Ljava/lang/Object;)Ljava/lang/Object; (62 bytes) @ 0x0000000002b24164 [0x0000000002b23d80+0x3e4]
j  org.codehaus.groovy.runtime.callsite.PojoMetaMethodSite$PojoCachedMethodSiteNoUnwrapNoCoerce.invoke(Ljava/lang/Object;[Ljava/lang/Object;)Ljava/lang/Object;+6
J 4649 C1 org.codehaus.groovy.runtime.callsite.PojoMetaMethodSite.call(Ljava/lang/Object;[Ljava/lang/Object;)Ljava/lang/Object; (23 bytes) @ 0x00000000036df8cc [0x00000000036df820+0xac]
J 4309 C1 org.codehaus.groovy.runtime.callsite.AbstractCallSite.call(Ljava/lang/Object;Ljava/lang/Object;)Ljava/lang/Object; (10 bytes) @ 0x000000000296f65c [0x000000000296f500+0x15c]
j  org.gradle.plugins.ide.idea.model.IdeaModule.resolveDependencies()Ljava/util/Set;+20
j  org.jetbrains.plugins.gradle.tooling.builder.ModelBuildScriptClasspathBuilderImpl.buildAll(Ljava/lang/String;Lorg/gradle/api/Project;)Ljava/lang/Object;+539
j  org.jetbrains.plugins.gradle.tooling.internal.ExtraModelBuilder.buildAll(Ljava/lang/String;Lorg/gradle/api/Project;)Ljava/lang/Object;+51
j  org.gradle.tooling.internal.provider.DefaultBuildController.getModel(Ljava/lang/Object;Lorg/gradle/tooling/internal/protocol/ModelIdentifier;)Lorg/gradle/tooling/internal/protocol/BuildResult;+243
j  org.gradle.tooling.internal.consumer.connection.BuildControllerAdapter.getModel(Lorg/gradle/tooling/model/Model;Ljava/lang/Class;)Ljava/lang/Object;+34
j  org.gradle.tooling.internal.consumer.connection.BuildControllerAdapter.findModel(Lorg/gradle/tooling/model/Model;Ljava/lang/Class;)Ljava/lang/Object;+3
j  org.jetbrains.plugins.gradle.model.ProjectImportAction.addExtraProject(Lorg/gradle/tooling/BuildController;Lorg/jetbrains/plugins/gradle/model/ProjectImportAction$AllModels;Lorg/gradle/tooling/model/idea/IdeaModule;)V+117
j  org.jetbrains.plugins.gradle.model.ProjectImportAction.execute(Lorg/gradle/tooling/BuildController;)Lorg/jetbrains/plugins/gradle/model/ProjectImportAction$AllModels;+109
j  org.jetbrains.plugins.gradle.model.ProjectImportAction.execute(Lorg/gradle/tooling/BuildController;)Ljava/lang/Object;+2
j  org.gradle.tooling.internal.consumer.connection.InternalBuildActionAdapter.execute(Lorg/gradle/tooling/internal/protocol/InternalBuildController;)Ljava/lang/Object;+23
j  org.gradle.tooling.internal.provider.ClientProvidedBuildAction.run(Lorg/gradle/initialization/BuildController;)Lorg/gradle/tooling/internal/provider/BuildActionResult;+93
j  org.gradle.tooling.internal.provider.ClientProvidedBuildAction.run(Lorg/gradle/initialization/BuildController;)Ljava/lang/Object;+2
j  org.gradle.tooling.internal.provider.ConfiguringBuildAction.run(Lorg/gradle/initialization/BuildController;)Ljava/lang/Object;+15
j  org.gradle.launcher.exec.InProcessBuildActionExecuter.execute(Lorg/gradle/initialization/BuildAction;Lorg/gradle/initialization/BuildCancellationToken;Lorg/gradle/launcher/exec/BuildActionParameters;)Ljava/lang/Object;+19
j  org.gradle.launcher.exec.InProcessBuildActionExecuter.execute(Lorg/gradle/initialization/BuildAction;Lorg/gradle/initialization/BuildCancellationToken;Ljava/lang/Object;)Ljava/lang/Object;+7
j  org.gradle.launcher.daemon.server.exec.ExecuteBuild.doBuild(Lorg/gradle/launcher/daemon/server/exec/DaemonCommandExecution;Lorg/gradle/launcher/daemon/protocol/Build;)V+47
j  org.gradle.launcher.daemon.server.exec.BuildCommandOnly.execute(Lorg/gradle/launcher/daemon/server/exec/DaemonCommandExecution;)V+49
j  org.gradle.launcher.daemon.server.exec.DaemonCommandExecution.proceed()Z+28
j  org.gradle.launcher.daemon.server.exec.WatchForDisconnection.execute(Lorg/gradle/launcher/daemon/server/exec/DaemonCommandExecution;)V+19
j  org.gradle.launcher.daemon.server.exec.DaemonCommandExecution.proceed()Z+28
j  org.gradle.launcher.daemon.server.exec.ResetDeprecationLogger.execute(Lorg/gradle/launcher/daemon/server/exec/DaemonCommandExecution;)V+4
j  org.gradle.launcher.daemon.server.exec.DaemonCommandExecution.proceed()Z+28
j  org.gradle.launcher.daemon.server.exec.StartStopIfBuildAndStop.execute(Lorg/gradle/launcher/daemon/server/exec/DaemonCommandExecution;)V+34
j  org.gradle.launcher.daemon.server.exec.DaemonCommandExecution.proceed()Z+28
j  org.gradle.launcher.daemon.server.exec.ForwardClientInput$2.call()Ljava/lang/Void;+4
j  org.gradle.launcher.daemon.server.exec.ForwardClientInput$2.call()Ljava/lang/Object;+1
j  org.gradle.util.Swapper.swap(Ljava/lang/Object;Ljava/util/concurrent/Callable;)Ljava/lang/Object;+21
j  org.gradle.launcher.daemon.server.exec.ForwardClientInput.execute(Lorg/gradle/launcher/daemon/server/exec/DaemonCommandExecution;)V+63
j  org.gradle.launcher.daemon.server.exec.DaemonCommandExecution.proceed()Z+28
j  org.gradle.launcher.daemon.server.exec.LogToClient.doBuild(Lorg/gradle/launcher/daemon/server/exec/DaemonCommandExecution;Lorg/gradle/launcher/daemon/protocol/Build;)V+92
j  org.gradle.launcher.daemon.server.exec.BuildCommandOnly.execute(Lorg/gradle/launcher/daemon/server/exec/DaemonCommandExecution;)V+49
j  org.gradle.launcher.daemon.server.exec.DaemonCommandExecution.proceed()Z+28
j  org.gradle.launcher.daemon.server.exec.EstablishBuildEnvironment.doBuild(Lorg/gradle/launcher/daemon/server/exec/DaemonCommandExecution;Lorg/gradle/launcher/daemon/protocol/Build;)V+237
j  org.gradle.launcher.daemon.server.exec.BuildCommandOnly.execute(Lorg/gradle/launcher/daemon/server/exec/DaemonCommandExecution;)V+49
j  org.gradle.launcher.daemon.server.exec.DaemonCommandExecution.proceed()Z+28
j  org.gradle.launcher.daemon.server.exec.DaemonHygieneAction.execute(Lorg/gradle/launcher/daemon/server/exec/DaemonCommandExecution;)V+1
j  org.gradle.launcher.daemon.server.exec.DaemonCommandExecution.proceed()Z+28
j  org.gradle.launcher.daemon.server.exec.StartBuildOrRespondWithBusy$1.run()V+44
j  org.gradle.launcher.daemon.server.DaemonStateCoordinator$1.run()V+4
j  org.gradle.internal.concurrent.DefaultExecutorFactory$StoppableExecutorImpl$1.run()V+18
j  java.util.concurrent.ThreadPoolExecutor.runWorker(Ljava/util/concurrent/ThreadPoolExecutor$Worker;)V+95
j  java.util.concurrent.ThreadPoolExecutor$Worker.run()V+5
j  java.lang.Thread.run()V+11
v  ~StubRoutines::call_stub

---------------  P R O C E S S  ---------------

Java Threads: ( => current thread )
  0x0000000019123800 JavaThread "File lock request listener" [_thread_in_native, id=4988, stack(0x000000001bd40000,0x000000001be40000)]
  0x0000000018ebc000 JavaThread "Stdin handler" [_thread_blocked, id=6188, stack(0x000000001b640000,0x000000001b740000)]
=>0x0000000018ec7800 JavaThread "Daemon worker" [_thread_in_native, id=6980, stack(0x000000001b540000,0x000000001b640000)]
  0x000000001903c800 JavaThread "Cancel handler" [_thread_blocked, id=6908, stack(0x000000001b440000,0x000000001b540000)]
  0x0000000018e33800 JavaThread "Handler for socket connection from /127.0.0.1:52809 to /127.0.0.1:52810" [_thread_in_native, id=4576, stack(0x000000001b340000,0x000000001b440000)]
  0x0000000018e32800 JavaThread "Daemon" [_thread_blocked, id=1516, stack(0x000000001b240000,0x000000001b340000)]
  0x0000000018d71800 JavaThread "Incoming local TCP Connector on port 52809" [_thread_in_native, id=1888, stack(0x000000001a790000,0x000000001a890000)]
  0x00000000173d0000 JavaThread "Service Thread" daemon [_thread_blocked, id=6204, stack(0x0000000017d10000,0x0000000017e10000)]
  0x0000000017346000 JavaThread "C1 CompilerThread3" daemon [_thread_blocked, id=6808, stack(0x0000000017c10000,0x0000000017d10000)]
  0x0000000017343000 JavaThread "C2 CompilerThread2" daemon [_thread_in_native, id=2624, stack(0x0000000017b10000,0x0000000017c10000)]
  0x0000000017339800 JavaThread "C2 CompilerThread1" daemon [_thread_in_native, id=5736, stack(0x0000000017a10000,0x0000000017b10000)]
  0x0000000017337800 JavaThread "C2 CompilerThread0" daemon [_thread_blocked, id=4896, stack(0x0000000017910000,0x0000000017a10000)]
  0x0000000017335800 JavaThread "Attach Listener" daemon [_thread_blocked, id=696, stack(0x0000000017810000,0x0000000017910000)]
  0x000000001533e000 JavaThread "Signal Dispatcher" daemon [_thread_blocked, id=6728, stack(0x0000000017710000,0x0000000017810000)]
  0x0000000002808800 JavaThread "Finalizer" daemon [_thread_blocked, id=6956, stack(0x0000000017210000,0x0000000017310000)]
  0x0000000002802800 JavaThread "Reference Handler" daemon [_thread_blocked, id=1144, stack(0x0000000017110000,0x0000000017210000)]
  0x000000000259e000 JavaThread "main" [_thread_blocked, id=6424, stack(0x0000000002610000,0x0000000002710000)]

Other Threads:
  0x0000000015328000 VMThread [stack: 0x0000000017010000,0x0000000017110000] [id=2412]
  0x00000000173d4800 WatcherThread [stack: 0x0000000017e10000,0x0000000017f10000] [id=6788]

VM state:not at safepoint (normal execution)

VM Mutex/Monitor currently owned by a thread: None

Heap:
 PSYoungGen      total 203776K, used 169880K [0x00000000eab00000, 0x00000000fc400000, 0x0000000100000000)
  eden space 176128K, 80% used [0x00000000eab00000,0x00000000f35e7d90,0x00000000f5700000)
  from space 27648K, 99% used [0x00000000f5700000,0x00000000f71fe428,0x00000000f7200000)
  to   space 34816K, 0% used [0x00000000fa200000,0x00000000fa200000,0x00000000fc400000)
 ParOldGen       total 121856K, used 42291K [0x00000000c0000000, 0x00000000c7700000, 0x00000000eab00000)
  object space 121856K, 34% used [0x00000000c0000000,0x00000000c294cd28,0x00000000c7700000)
 Metaspace       used 47907K, capacity 52163K, committed 52224K, reserved 1093632K
  class space    used 6632K, capacity 7896K, committed 7936K, reserved 1048576K

Card table byte_map: [0x0000000011bd0000,0x0000000011de0000] byte_map_base: 0x00000000115d0000

Marking Bits: (ParMarkBitMap*) 0x000000006d15d490
 Begin Bits: [0x0000000012740000, 0x0000000013740000)
 End Bits:   [0x0000000013740000, 0x0000000014740000)

Polling page: 0x0000000002500000

CodeCache: size=245760Kb used=20364Kb max_used=20376Kb free=225395Kb
 bounds [0x0000000002810000, 0x0000000003c10000, 0x0000000011810000]
 total_blobs=6974 nmethods=6293 adapters=593
 compilation: enabled

Compilation events (10 events):
Event: 10.664 Thread 0x0000000017346000 nmethod 6931 0x0000000003bf8dd0 code [0x0000000003bf8f20, 0x0000000003bf9030]
Event: 10.664 Thread 0x0000000017346000 6932   !   3       java.io.BufferedReader::read (104 bytes)
Event: 10.665 Thread 0x0000000017346000 nmethod 6932 0x0000000003bf4dd0 code [0x0000000003bf4f80, 0x0000000003bf5618]
Event: 10.666 Thread 0x0000000017337800 6933       4       sun.security.util.Cache$EqualByteArray::hashCode (57 bytes)
Event: 10.666 Thread 0x0000000017346000 6934       3       sun.security.x509.AlgorithmId::parse (100 bytes)
Event: 10.667 Thread 0x0000000017346000 nmethod 6934 0x0000000003bfdf50 code [0x0000000003bfe1a0, 0x0000000003bff048]
Event: 10.667 Thread 0x0000000017346000 6935       3       sun.security.x509.AlgorithmId::<init> (31 bytes)
Event: 10.667 Thread 0x0000000017346000 nmethod 6935 0x0000000003bf4910 code [0x0000000003bf4a80, 0x0000000003bf4ce8]
Event: 10.669 Thread 0x0000000017337800 nmethod 6933 0x0000000003bfc5d0 code [0x0000000003bfc700, 0x0000000003bfc958]
Event: 10.669 Thread 0x0000000017337800 6936       4       java.security.MessageDigest$Delegate::engineUpdate (11 bytes)

GC Heap History (10 events):
Event: 5.239 GC heap before
{Heap before GC invocations=11 (full 1):
 PSYoungGen      total 138240K, used 107313K [0x00000000eab00000, 0x00000000f5e00000, 0x0000000100000000)
  eden space 127488K, 75% used [0x00000000eab00000,0x00000000f0952d80,0x00000000f2780000)
  from space 10752K, 99% used [0x00000000f2780000,0x00000000f31f9818,0x00000000f3200000)
  to   space 13824K, 0% used [0x00000000f5080000,0x00000000f5080000,0x00000000f5e00000)
 ParOldGen       total 64512K, used 11146K [0x00000000c0000000, 0x00000000c3f00000, 0x00000000eab00000)
  object space 64512K, 17% used [0x00000000c0000000,0x00000000c0ae2928,0x00000000c3f00000)
 Metaspace       used 34161K, capacity 35374K, committed 35456K, reserved 1079296K
  class space    used 4498K, capacity 4962K, committed 4992K, reserved 1048576K
Event: 5.257 GC heap after
Heap after GC invocations=11 (full 1):
 PSYoungGen      total 163840K, used 13800K [0x00000000eab00000, 0x00000000f6c80000, 0x0000000100000000)
  eden space 150016K, 0% used [0x00000000eab00000,0x00000000eab00000,0x00000000f3d80000)
  from space 13824K, 99% used [0x00000000f5080000,0x00000000f5dfa070,0x00000000f5e00000)
  to   space 19456K, 0% used [0x00000000f3d80000,0x00000000f3d80000,0x00000000f5080000)
 ParOldGen       total 64512K, used 19563K [0x00000000c0000000, 0x00000000c3f00000, 0x00000000eab00000)
  object space 64512K, 30% used [0x00000000c0000000,0x00000000c131af90,0x00000000c3f00000)
 Metaspace       used 34161K, capacity 35374K, committed 35456K, reserved 1079296K
  class space    used 4498K, capacity 4962K, committed 4992K, reserved 1048576K
}
Event: 5.257 GC heap before
{Heap before GC invocations=12 (full 2):
 PSYoungGen      total 163840K, used 13800K [0x00000000eab00000, 0x00000000f6c80000, 0x0000000100000000)
  eden space 150016K, 0% used [0x00000000eab00000,0x00000000eab00000,0x00000000f3d80000)
  from space 13824K, 99% used [0x00000000f5080000,0x00000000f5dfa070,0x00000000f5e00000)
  to   space 19456K, 0% used [0x00000000f3d80000,0x00000000f3d80000,0x00000000f5080000)
 ParOldGen       total 64512K, used 19563K [0x00000000c0000000, 0x00000000c3f00000, 0x00000000eab00000)
  object space 64512K, 30% used [0x00000000c0000000,0x00000000c131af90,0x00000000c3f00000)
 Metaspace       used 34161K, capacity 35374K, committed 35456K, reserved 1079296K
  class space    used 4498K, capacity 4962K, committed 4992K, reserved 1048576K
Event: 5.360 GC heap after
Heap after GC invocations=12 (full 2):
 PSYoungGen      total 163840K, used 0K [0x00000000eab00000, 0x00000000f6c80000, 0x0000000100000000)
  eden space 150016K, 0% used [0x00000000eab00000,0x00000000eab00000,0x00000000f3d80000)
  from space 13824K, 0% used [0x00000000f5080000,0x00000000f5080000,0x00000000f5e00000)
  to   space 19456K, 0% used [0x00000000f3d80000,0x00000000f3d80000,0x00000000f5080000)
 ParOldGen       total 121856K, used 28173K [0x00000000c0000000, 0x00000000c7700000, 0x00000000eab00000)
  object space 121856K, 23% used [0x00000000c0000000,0x00000000c1b83408,0x00000000c7700000)
 Metaspace       used 34161K, capacity 35374K, committed 35456K, reserved 1079296K
  class space    used 4498K, capacity 4962K, committed 4992K, reserved 1048576K
}
Event: 6.637 GC heap before
{Heap before GC invocations=13 (full 2):
 PSYoungGen      total 163840K, used 150016K [0x00000000eab00000, 0x00000000f6c80000, 0x0000000100000000)
  eden space 150016K, 100% used [0x00000000eab00000,0x00000000f3d80000,0x00000000f3d80000)
  from space 13824K, 0% used [0x00000000f5080000,0x00000000f5080000,0x00000000f5e00000)
  to   space 19456K, 0% used [0x00000000f3d80000,0x00000000f3d80000,0x00000000f5080000)
 ParOldGen       total 121856K, used 28173K [0x00000000c0000000, 0x00000000c7700000, 0x00000000eab00000)
  object space 121856K, 23% used [0x00000000c0000000,0x00000000c1b83408,0x00000000c7700000)
 Metaspace       used 39723K, capacity 41586K, committed 41728K, reserved 1085440K
  class space    used 5406K, capacity 6107K, committed 6144K, reserved 1048576K
Event: 6.659 GC heap after
Heap after GC invocations=13 (full 2):
 PSYoungGen      total 169472K, used 16399K [0x00000000eab00000, 0x00000000f8700000, 0x0000000100000000)
  eden space 150016K, 0% used [0x00000000eab00000,0x00000000eab00000,0x00000000f3d80000)
  from space 19456K, 84% used [0x00000000f3d80000,0x00000000f4d83dd0,0x00000000f5080000)
  to   space 21504K, 0% used [0x00000000f7200000,0x00000000f7200000,0x00000000f8700000)
 ParOldGen       total 121856K, used 28181K [0x00000000c0000000, 0x00000000c7700000, 0x00000000eab00000)
  object space 121856K, 23% used [0x00000000c0000000,0x00000000c1b85408,0x00000000c7700000)
 Metaspace       used 39723K, capacity 41586K, committed 41728K, reserved 1085440K
  class space    used 5406K, capacity 6107K, committed 6144K, reserved 1048576K
}
Event: 8.254 GC heap before
{Heap before GC invocations=14 (full 2):
 PSYoungGen      total 169472K, used 166415K [0x00000000eab00000, 0x00000000f8700000, 0x0000000100000000)
  eden space 150016K, 100% used [0x00000000eab00000,0x00000000f3d80000,0x00000000f3d80000)
  from space 19456K, 84% used [0x00000000f3d80000,0x00000000f4d83dd0,0x00000000f5080000)
  to   space 21504K, 0% used [0x00000000f7200000,0x00000000f7200000,0x00000000f8700000)
 ParOldGen       total 121856K, used 28181K [0x00000000c0000000, 0x00000000c7700000, 0x00000000eab00000)
  object space 121856K, 23% used [0x00000000c0000000,0x00000000c1b85408,0x00000000c7700000)
 Metaspace       used 42897K, capacity 46277K, committed 46336K, reserved 1089536K
  class space    used 5854K, capacity 6903K, committed 6912K, reserved 1048576K
Event: 8.277 GC heap after
Heap after GC invocations=14 (full 2):
 PSYoungGen      total 197632K, used 21491K [0x00000000eab00000, 0x00000000f9380000, 0x0000000100000000)
  eden space 176128K, 0% used [0x00000000eab00000,0x00000000eab00000,0x00000000f5700000)
  from space 21504K, 99% used [0x00000000f7200000,0x00000000f86fcc48,0x00000000f8700000)
  to   space 27648K, 0% used [0x00000000f5700000,0x00000000f5700000,0x00000000f7200000)
 ParOldGen       total 121856K, used 35232K [0x00000000c0000000, 0x00000000c7700000, 0x00000000eab00000)
  object space 121856K, 28% used [0x00000000c0000000,0x00000000c2268138,0x00000000c7700000)
 Metaspace       used 42897K, capacity 46277K, committed 46336K, reserved 1089536K
  class space    used 5854K, capacity 6903K, committed 6912K, reserved 1048576K
}
Event: 9.571 GC heap before
{Heap before GC invocations=15 (full 2):
 PSYoungGen      total 197632K, used 197619K [0x00000000eab00000, 0x00000000f9380000, 0x0000000100000000)
  eden space 176128K, 100% used [0x00000000eab00000,0x00000000f5700000,0x00000000f5700000)
  from space 21504K, 99% used [0x00000000f7200000,0x00000000f86fcc48,0x00000000f8700000)
  to   space 27648K, 0% used [0x00000000f5700000,0x00000000f5700000,0x00000000f7200000)
 ParOldGen       total 121856K, used 35232K [0x00000000c0000000, 0x00000000c7700000, 0x00000000eab00000)
  object space 121856K, 28% used [0x00000000c0000000,0x00000000c2268138,0x00000000c7700000)
 Metaspace       used 45836K, capacity 49827K, committed 50048K, reserved 1091584K
  class space    used 6302K, capacity 7509K, committed 7552K, reserved 1048576K
Event: 9.599 GC heap after
Heap after GC invocations=15 (full 2):
 PSYoungGen      total 203776K, used 27641K [0x00000000eab00000, 0x00000000fc400000, 0x0000000100000000)
  eden space 176128K, 0% used [0x00000000eab00000,0x00000000eab00000,0x00000000f5700000)
  from space 27648K, 99% used [0x00000000f5700000,0x00000000f71fe428,0x00000000f7200000)
  to   space 34816K, 0% used [0x00000000fa200000,0x00000000fa200000,0x00000000fc400000)
 ParOldGen       total 121856K, used 42291K [0x00000000c0000000, 0x00000000c7700000, 0x00000000eab00000)
  object space 121856K, 34% used [0x00000000c0000000,0x00000000c294cd28,0x00000000c7700000)
 Metaspace       used 45836K, capacity 49827K, committed 50048K, reserved 1091584K
  class space    used 6302K, capacity 7509K, committed 7552K, reserved 1048576K
}

Deoptimization events (10 events):
Event: 10.581 Thread 0x0000000018ec7800 Uncommon trap: reason=class_check action=maybe_recompile pc=0x0000000002c71ab4 method=java.io.DataInputStream.readUnsignedShort()I @ 4
Event: 10.582 Thread 0x0000000018ec7800 Uncommon trap: reason=class_check action=maybe_recompile pc=0x0000000002c71ab4 method=java.io.DataInputStream.readUnsignedShort()I @ 4
Event: 10.582 Thread 0x0000000018ec7800 Uncommon trap: reason=class_check action=maybe_recompile pc=0x0000000002c71ab4 method=java.io.DataInputStream.readUnsignedShort()I @ 4
Event: 10.610 Thread 0x0000000018ec7800 Uncommon trap: reason=unreached action=reinterpret pc=0x0000000003bac074 method=java.util.regex.Pattern.expr(Ljava/util/regex/Pattern$Node;)Ljava/util/regex/Pattern$Node; @ 38
Event: 10.612 Thread 0x0000000018ec7800 Uncommon trap: reason=class_check action=maybe_recompile pc=0x0000000003bec394 method=java.util.AbstractList$Itr.hasNext()Z @ 8
Event: 10.612 Thread 0x0000000018ec7800 Uncommon trap: reason=class_check action=maybe_recompile pc=0x0000000003b993c4 method=java.util.AbstractList$Itr.next()Ljava/lang/Object; @ 14
Event: 10.658 Thread 0x0000000018ec7800 Uncommon trap: reason=class_check action=maybe_recompile pc=0x0000000003bec394 method=java.util.AbstractList$Itr.hasNext()Z @ 8
Event: 10.658 Thread 0x0000000018ec7800 Uncommon trap: reason=class_check action=maybe_recompile pc=0x0000000003b993c4 method=java.util.AbstractList$Itr.next()Ljava/lang/Object; @ 14
Event: 10.662 Thread 0x0000000018ec7800 Uncommon trap: reason=class_check action=maybe_recompile pc=0x0000000003bec394 method=java.util.AbstractList$Itr.hasNext()Z @ 8
Event: 10.662 Thread 0x0000000018ec7800 Uncommon trap: reason=class_check action=maybe_recompile pc=0x0000000003b993c4 method=java.util.AbstractList$Itr.next()Ljava/lang/Object; @ 14

Internal exceptions (10 events):
Event: 10.652 Thread 0x0000000018ec7800 Exception <a 'java/security/PrivilegedActionException'> (0x00000000f353c3b8) thrown at [D:\re\workspace\8-2-build-windows-amd64-cygwin\jdk8u25\1677\hotspot\src\share\vm\prims\jvm.cpp, line 1312]
Event: 10.652 Thread 0x0000000018ec7800 Exception <a 'java/security/PrivilegedActionException'> (0x00000000f3543ff0) thrown at [D:\re\workspace\8-2-build-windows-amd64-cygwin\jdk8u25\1677\hotspot\src\share\vm\prims\jvm.cpp, line 1312]
Event: 10.652 Thread 0x0000000018ec7800 Exception <a 'java/security/PrivilegedActionException'> (0x00000000f3545138) thrown at [D:\re\workspace\8-2-build-windows-amd64-cygwin\jdk8u25\1677\hotspot\src\share\vm\prims\jvm.cpp, line 1312]
Event: 10.652 Thread 0x0000000018ec7800 Exception <a 'java/security/PrivilegedActionException'> (0x00000000f354ae08) thrown at [D:\re\workspace\8-2-build-windows-amd64-cygwin\jdk8u25\1677\hotspot\src\share\vm\prims\jvm.cpp, line 1312]
Event: 10.653 Thread 0x0000000018ec7800 Exception <a 'java/security/PrivilegedActionException'> (0x00000000f3554358) thrown at [D:\re\workspace\8-2-build-windows-amd64-cygwin\jdk8u25\1677\hotspot\src\share\vm\prims\jvm.cpp, line 1312]
Event: 10.653 Thread 0x0000000018ec7800 Exception <a 'java/security/PrivilegedActionException'> (0x00000000f35553e8) thrown at [D:\re\workspace\8-2-build-windows-amd64-cygwin\jdk8u25\1677\hotspot\src\share\vm\prims\jvm.cpp, line 1312]
Event: 10.653 Thread 0x0000000018ec7800 Exception <a 'java/security/PrivilegedActionException'> (0x00000000f355a2c8) thrown at [D:\re\workspace\8-2-build-windows-amd64-cygwin\jdk8u25\1677\hotspot\src\share\vm\prims\jvm.cpp, line 1312]
Event: 10.654 Thread 0x0000000018ec7800 Exception <a 'java/security/PrivilegedActionException'> (0x00000000f3563c18) thrown at [D:\re\workspace\8-2-build-windows-amd64-cygwin\jdk8u25\1677\hotspot\src\share\vm\prims\jvm.cpp, line 1312]
Event: 10.654 Thread 0x0000000018ec7800 Exception <a 'java/security/PrivilegedActionException'> (0x00000000f3564d78) thrown at [D:\re\workspace\8-2-build-windows-amd64-cygwin\jdk8u25\1677\hotspot\src\share\vm\prims\jvm.cpp, line 1312]
Event: 10.654 Thread 0x0000000018ec7800 Exception <a 'java/security/PrivilegedActionException'> (0x00000000f356abd8) thrown at [D:\re\workspace\8-2-build-windows-amd64-cygwin\jdk8u25\1677\hotspot\src\share\vm\prims\jvm.cpp, line 1312]

Events (10 events):
Event: 10.665 loading class javax/crypto/JarVerifier$1
Event: 10.665 loading class javax/crypto/JarVerifier$1 done
Event: 10.666 Thread 0x0000000018ec7800 DEOPT PACKING pc=0x0000000003bd6499 sp=0x000000001b637f30
Event: 10.666 Thread 0x0000000018ec7800 DEOPT UNPACKING pc=0x00000000028575bf sp=0x000000001b637c48 mode 0
Event: 10.666 loading class sun/security/validator/Validator
Event: 10.666 loading class sun/security/validator/Validator done
Event: 10.666 loading class sun/security/validator/SimpleValidator
Event: 10.666 loading class sun/security/validator/SimpleValidator done
Event: 10.667 loading class sun/security/validator/EndEntityChecker
Event: 10.667 loading class sun/security/validator/EndEntityChecker done


Dynamic libraries:
0x00007ff66d420000 - 0x00007ff66d454000 	C:\Program Files\Java\jdk1.8.0_25\bin\java.exe
0x00007ff889f90000 - 0x00007ff88a139000 	C:\Windows\SYSTEM32\ntdll.dll
0x00007ff889bc0000 - 0x00007ff889cfa000 	C:\Windows\system32\KERNEL32.DLL
0x00007ff8875c0000 - 0x00007ff8876cf000 	C:\Windows\system32\KERNELBASE.dll
0x00007ff889d00000 - 0x00007ff889da5000 	C:\Windows\system32\ADVAPI32.dll
0x00007ff8890e0000 - 0x00007ff889251000 	C:\Windows\system32\USER32.dll
0x00007ff884eb0000 - 0x00007ff88510a000 	C:\Windows\WinSxS\amd64_microsoft.windows.common-controls_6595b64144ccf1df_6.0.9600.16384_none_62475f7becb72503\COMCTL32.dll
0x00007ff8878c0000 - 0x00007ff887967000 	C:\Windows\system32\msvcrt.dll
0x00007ff889330000 - 0x00007ff889387000 	C:\Windows\SYSTEM32\sechost.dll
0x00007ff889390000 - 0x00007ff8894c6000 	C:\Windows\system32\RPCRT4.dll
0x00007ff8879d0000 - 0x00007ff887b15000 	C:\Windows\system32\GDI32.dll
0x00007ff887990000 - 0x00007ff8879c4000 	C:\Windows\system32\IMM32.DLL
0x00007ff889a80000 - 0x00007ff889bb9000 	C:\Windows\system32\MSCTF.dll
0x000000006c8a0000 - 0x000000006c972000 	C:\Program Files\Java\jdk1.8.0_25\jre\bin\msvcr100.dll
0x000000006c980000 - 0x000000006d1da000 	C:\Program Files\Java\jdk1.8.0_25\jre\bin\server\jvm.dll
0x00007ff884060000 - 0x00007ff884069000 	C:\Windows\SYSTEM32\WSOCK32.dll
0x00007ff87ca90000 - 0x00007ff87caaf000 	C:\Windows\SYSTEM32\WINMM.dll
0x00007ff8899b0000 - 0x00007ff8899b7000 	C:\Windows\system32\PSAPI.DLL
0x00007ff8896b0000 - 0x00007ff889708000 	C:\Windows\system32\WS2_32.dll
0x00007ff87c990000 - 0x00007ff87c9ba000 	C:\Windows\SYSTEM32\WINMMBASE.dll
0x00007ff889710000 - 0x00007ff889719000 	C:\Windows\system32\NSI.dll
0x00007ff8877d0000 - 0x00007ff88781a000 	C:\Windows\SYSTEM32\cfgmgr32.dll
0x00007ff886140000 - 0x00007ff886166000 	C:\Windows\SYSTEM32\DEVOBJ.dll
0x000000006c890000 - 0x000000006c89f000 	C:\Program Files\Java\jdk1.8.0_25\jre\bin\verify.dll
0x000000006c860000 - 0x000000006c888000 	C:\Program Files\Java\jdk1.8.0_25\jre\bin\java.dll
0x000000006c840000 - 0x000000006c856000 	C:\Program Files\Java\jdk1.8.0_25\jre\bin\zip.dll
0x00007ff887cc0000 - 0x00007ff8890ce000 	C:\Windows\system32\SHELL32.dll
0x00007ff889db0000 - 0x00007ff889f87000 	C:\Windows\SYSTEM32\combase.dll
0x00007ff889260000 - 0x00007ff8892b1000 	C:\Windows\system32\SHLWAPI.dll
0x00007ff885380000 - 0x00007ff885421000 	C:\Windows\SYSTEM32\SHCORE.dll
0x00007ff887310000 - 0x00007ff887324000 	C:\Windows\SYSTEM32\profapi.dll
0x00007ff886bd0000 - 0x00007ff886bee000 	C:\Windows\SYSTEM32\CRYPTSP.dll
0x00007ff886810000 - 0x00007ff886845000 	C:\Windows\system32\rsaenh.dll
0x00007ff886e00000 - 0x00007ff886e26000 	C:\Windows\SYSTEM32\bcrypt.dll
0x00007ff886920000 - 0x00007ff88693f000 	C:\Windows\SYSTEM32\USERENV.dll
0x00007ff887120000 - 0x00007ff88717e000 	C:\Windows\system32\bcryptprimitives.dll
0x00007ff887180000 - 0x00007ff88718a000 	C:\Windows\SYSTEM32\CRYPTBASE.dll
0x000000006c820000 - 0x000000006c83a000 	C:\Program Files\Java\jdk1.8.0_25\jre\bin\net.dll
0x0000000180000000 - 0x0000000180078000 	C:\Windows\system32\ASProxy64.dll
0x00007ff886b70000 - 0x00007ff886bc8000 	C:\Windows\SYSTEM32\MSWSOCK.dll
0x00007ff8863e0000 - 0x00007ff886409000 	C:\Windows\SYSTEM32\IPHLPAPI.DLL
0x00007ff889830000 - 0x00007ff8899a5000 	C:\Windows\system32\ole32.dll
0x00007ff8899c0000 - 0x00007ff889a77000 	C:\Windows\system32\OLEAUT32.dll
0x00007ff8863d0000 - 0x00007ff8863da000 	C:\Windows\SYSTEM32\VERSION.dll
0x00007ff8863c0000 - 0x00007ff8863ca000 	C:\Windows\SYSTEM32\WINNSI.DLL
0x00007ff8870f0000 - 0x00007ff88711b000 	C:\Windows\SYSTEM32\SspiCli.dll
0x00007ff8861b0000 - 0x00007ff8861ba000 	C:\Windows\SYSTEM32\kernel.appcore.dll
0x00007ff885fc0000 - 0x00007ff8860e2000 	C:\Windows\system32\uxtheme.dll
0x00007ff889780000 - 0x00007ff889824000 	C:\Windows\SYSTEM32\clbcatq.dll
0x00007ff887260000 - 0x00007ff8872f7000 	C:\Windows\SYSTEM32\sxs.dll
0x00007ff8828b0000 - 0x00007ff8828c4000 	C:\Windows\SYSTEM32\dhcpcsvc6.DLL
0x00007ff882820000 - 0x00007ff882839000 	C:\Windows\SYSTEM32\dhcpcsvc.DLL
0x000000006c800000 - 0x000000006c811000 	C:\Program Files\Java\jdk1.8.0_25\jre\bin\nio.dll
0x00007ff878d20000 - 0x00007ff878d32000 	C:\Users\Administrator\AppData\Local\Temp\native-platform242773668958794289dir\native-platform.dll
0x000000006c530000 - 0x000000006c554000 	C:\Program Files\Java\jdk1.8.0_25\jre\bin\sunec.dll
0x00007ff877dd0000 - 0x00007ff877de4000 	C:\Windows\system32\napinsp.dll
0x00007ff877df0000 - 0x00007ff877e09000 	C:\Windows\system32\pnrpnsp.dll
0x00007ff884bf0000 - 0x00007ff884c09000 	C:\Windows\system32\NLAapi.dll
0x00007ff886980000 - 0x00007ff886a23000 	C:\Windows\SYSTEM32\DNSAPI.dll
0x00007ff877e10000 - 0x00007ff877e1c000 	C:\Windows\System32\winrnr.dll
0x00007ff877e40000 - 0x00007ff877e53000 	C:\Windows\system32\wshbth.dll
0x00007ff87ab00000 - 0x00007ff87ab09000 	C:\Windows\System32\rasadhlp.dll
0x00007ff882c40000 - 0x00007ff882ca7000 	C:\Windows\System32\fwpuclnt.dll
0x00007ff87b450000 - 0x00007ff87b5d8000 	C:\Windows\SYSTEM32\dbghelp.dll

VM Arguments:
jvm_args: -XX:MaxPermSize=256m -XX:+HeapDumpOnOutOfMemoryError -Xmx1024m -Dfile.encoding=windows-1252 -Duser.country=US -Duser.language=en -Duser.variant 
java_command: org.gradle.launcher.daemon.bootstrap.GradleDaemon 2.2.1 C:\Users\Administrator\.gradle\daemon 10800000 46b60892-132e-43b3-b796-64fbc993a394 -XX:MaxPermSize=256m -XX:+HeapDumpOnOutOfMemoryError -Xmx1024m -Dfile.encoding=windows-1252 -Duser.country=US -Duser.language=en -Duser.variant
java_class_path (initial): C:\Program Files\Android\Android Studio\gradle\gradle-2.2.1\lib\gradle-launcher-2.2.1.jar
Launcher Type: SUN_STANDARD

Environment Variables:
PATH=C:\ProgramData\Oracle\Java\javapath;C:\Windows\system32;C:\Windows;C:\Windows\System32\Wbem;C:\Windows\System32\WindowsPowerShell\v1.0\;C:\Program Files (x86)\Skype\Phone\;C:\Program Files\nodejs\;D:\Resource\apache-ant-1.9.6-bin\apache-ant-1.9.6\bin;C:\Users\Administrator\AppData\Roaming\npm
USERNAME=Administrator
OS=Windows_NT
PROCESSOR_IDENTIFIER=Intel64 Family 6 Model 60 Stepping 3, GenuineIntel



---------------  S Y S T E M  ---------------

OS: Windows 8.1 , 64 bit Build 9600 

CPU:total 8 (4 cores per cpu, 2 threads per core) family 6 model 60 stepping 3, cmov, cx8, fxsr, mmx, sse, sse2, sse3, ssse3, sse4.1, sse4.2, popcnt, avx, avx2, aes, clmul, erms, rtm, lzcnt, ht, tsc, tscinvbit, bmi1, bmi2

Memory: 4k page, physical 8308264k(3545724k free), swap 10274344k(5026836k free)

vm_info: Java HotSpot(TM) 64-Bit Server VM (25.25-b02) for windows-amd64 JRE (1.8.0_25-b18), built on Oct  7 2014 14:25:37 by "java_re" with MS VC++ 10.0 (VS2010)

time: Thu Aug 06 20:26:30 2015
elapsed time: 10 seconds (0d 0h 0m 10s)

